Train_dl: 90 Validation_dl: 10
Begin training ...
[TRAIN] Epoch: 1 Loss: 0.4255532539900688 Time: 0:31
[VALID] Epoch: 1 Loss: 0.42607244630663954 Time: 0:6
[TRAIN] Epoch: 2 Loss: 0.37185369556550396 Time: 0:34
[VALID] Epoch: 2 Loss: 0.35697504995250745 Time: 0:6
[TRAIN] Epoch: 3 Loss: 0.2946519601796671 Time: 0:34
[VALID] Epoch: 3 Loss: 0.28827236027437364 Time: 0:6
[TRAIN] Epoch: 4 Loss: 0.279253595803274 Time: 0:35
[VALID] Epoch: 4 Loss: 0.2924443498067266 Time: 0:6
[TRAIN] Epoch: 5 Loss: 0.27205395513592856 Time: 0:34
[VALID] Epoch: 5 Loss: 0.27967451347804223 Time: 0:6
[TRAIN] Epoch: 6 Loss: 0.2694185634911402 Time: 0:34
[VALID] Epoch: 6 Loss: 0.2678178187012418 Time: 0:6
[TRAIN] Epoch: 7 Loss: 0.26497826951539843 Time: 0:34
[VALID] Epoch: 7 Loss: 0.2665242477766968 Time: 0:6
[TRAIN] Epoch: 8 Loss: 0.26270997370097615 Time: 0:35
[VALID] Epoch: 8 Loss: 0.2618152796241911 Time: 0:6
[TRAIN] Epoch: 9 Loss: 0.26157534214565425 Time: 0:34
[VALID] Epoch: 9 Loss: 0.25916199497988224 Time: 0:7
[TRAIN] Epoch: 10 Loss: 0.25938480494630456 Time: 0:34
[VALID] Epoch: 10 Loss: 0.26533135002309927 Time: 0:6
[TRAIN] Epoch: 11 Loss: 0.25700835269624434 Time: 0:34
[VALID] Epoch: 11 Loss: 0.25160402464672454 Time: 0:6
[TRAIN] Epoch: 12 Loss: 0.25403584596386414 Time: 0:34
[VALID] Epoch: 12 Loss: 0.25399444002187155 Time: 0:6
[TRAIN] Epoch: 13 Loss: 0.2521573794560741 Time: 0:34
[VALID] Epoch: 13 Loss: 0.2555359018652767 Time: 0:6
[TRAIN] Epoch: 14 Loss: 0.25268340826025365 Time: 0:34
[VALID] Epoch: 14 Loss: 0.255076261165989 Time: 0:6
[TRAIN] Epoch: 15 Loss: 0.24995945504016814 Time: 0:34
[VALID] Epoch: 15 Loss: 0.24895038655232476 Time: 0:6
[TRAIN] Epoch: 16 Loss: 0.2484339027524224 Time: 0:33
[VALID] Epoch: 16 Loss: 0.2609428533701627 Time: 0:6
[TRAIN] Epoch: 17 Loss: 0.24688608943401763 Time: 0:34
[VALID] Epoch: 17 Loss: 0.25394463028967973 Time: 0:6
[TRAIN] Epoch: 18 Loss: 0.24464541024452993 Time: 0:33
[VALID] Epoch: 18 Loss: 0.24793176608358514 Time: 0:6
[TRAIN] Epoch: 19 Loss: 0.24361500934995228 Time: 0:34
[VALID] Epoch: 19 Loss: 0.23614214522958346 Time: 0:6
[TRAIN] Epoch: 20 Loss: 0.24027705291606247 Time: 0:35
[VALID] Epoch: 20 Loss: 0.2555750774330814 Time: 0:6
[TRAIN] Epoch: 21 Loss: 0.23881044520509911 Time: 0:33
[VALID] Epoch: 21 Loss: 0.2353676256261897 Time: 0:6
[TRAIN] Epoch: 22 Loss: 0.23368029669195772 Time: 0:34
[VALID] Epoch: 22 Loss: 0.23686241489510335 Time: 0:6
[TRAIN] Epoch: 23 Loss: 0.23150889484132758 Time: 0:34
[VALID] Epoch: 23 Loss: 0.24532163915800548 Time: 0:6
[TRAIN] Epoch: 24 Loss: 0.23208541077455086 Time: 0:33
[VALID] Epoch: 24 Loss: 0.23940208522732814 Time: 0:6
[TRAIN] Epoch: 25 Loss: 0.22842970008800342 Time: 0:33
[VALID] Epoch: 25 Loss: 0.2436175418989785 Time: 0:6
[TRAIN] Epoch: 26 Loss: 0.22748678504592473 Time: 0:34
[VALID] Epoch: 26 Loss: 0.23125751940642067 Time: 0:6
[TRAIN] Epoch: 27 Loss: 0.22216595817652912 Time: 0:33
[VALID] Epoch: 27 Loss: 0.24372942972194844 Time: 0:6
[TRAIN] Epoch: 28 Loss: 0.22109255084583887 Time: 0:34
[VALID] Epoch: 28 Loss: 0.21922964830967054 Time: 0:6
[TRAIN] Epoch: 29 Loss: 0.2164084236435229 Time: 0:33
[VALID] Epoch: 29 Loss: 0.23096829602632127 Time: 0:6
[TRAIN] Epoch: 30 Loss: 0.2161003971793758 Time: 0:34
[VALID] Epoch: 30 Loss: 0.22159458913309335 Time: 0:6
[TRAIN] Epoch: 31 Loss: 0.21296628551506327 Time: 0:34
[VALID] Epoch: 31 Loss: 0.215235442385649 Time: 0:6
[TRAIN] Epoch: 32 Loss: 0.21268757431530802 Time: 0:34
[VALID] Epoch: 32 Loss: 0.22594940249826645 Time: 0:6
[TRAIN] Epoch: 33 Loss: 0.20690834932963978 Time: 0:33
[VALID] Epoch: 33 Loss: 0.21224667336414713 Time: 0:6
[TRAIN] Epoch: 34 Loss: 0.20421306732000577 Time: 0:33
[VALID] Epoch: 34 Loss: 0.20762176329198725 Time: 0:6
[TRAIN] Epoch: 35 Loss: 0.2023811102403281 Time: 0:34
[VALID] Epoch: 35 Loss: 0.21937354403200107 Time: 0:6
[TRAIN] Epoch: 36 Loss: 0.19979400797850372 Time: 0:34
[VALID] Epoch: 36 Loss: 0.20089986429406895 Time: 0:6
[TRAIN] Epoch: 37 Loss: 0.19695842620910836 Time: 0:35
[VALID] Epoch: 37 Loss: 0.20530157086998443 Time: 0:6
[TRAIN] Epoch: 38 Loss: 0.19687342295149585 Time: 0:34
[VALID] Epoch: 38 Loss: 0.21728182757967593 Time: 0:6
[TRAIN] Epoch: 39 Loss: 0.19353455845062767 Time: 0:34
[VALID] Epoch: 39 Loss: 0.19507192290945802 Time: 0:6
[TRAIN] Epoch: 40 Loss: 0.19248324820751775 Time: 0:34
[VALID] Epoch: 40 Loss: 0.19479200770905844 Time: 0:6
[TRAIN] Epoch: 41 Loss: 0.19151167096517524 Time: 0:33
[VALID] Epoch: 41 Loss: 0.20043895410064394 Time: 0:6
[TRAIN] Epoch: 42 Loss: 0.18948131097078663 Time: 0:33
[VALID] Epoch: 42 Loss: 0.18967745713117107 Time: 0:6
[TRAIN] Epoch: 43 Loss: 0.18607215435570454 Time: 0:34
[VALID] Epoch: 43 Loss: 0.19952686269144226 Time: 0:6
[TRAIN] Epoch: 44 Loss: 0.1856307992143468 Time: 0:34
[VALID] Epoch: 44 Loss: 0.18759905463615428 Time: 0:6
[TRAIN] Epoch: 45 Loss: 0.18333305750360113 Time: 0:33
[VALID] Epoch: 45 Loss: 0.18857879534343128 Time: 0:6
[TRAIN] Epoch: 46 Loss: 0.1810882367528304 Time: 0:34
[VALID] Epoch: 46 Loss: 0.19313158672559935 Time: 0:6
[TRAIN] Epoch: 47 Loss: 0.17982728279132656 Time: 0:35
[VALID] Epoch: 47 Loss: 0.18582013086274407 Time: 0:6
[TRAIN] Epoch: 48 Loss: 0.17885899840593414 Time: 0:34
[VALID] Epoch: 48 Loss: 0.17868910536273402 Time: 0:6
[TRAIN] Epoch: 49 Loss: 0.17648740783792224 Time: 0:33
[VALID] Epoch: 49 Loss: 0.18923492696787259 Time: 0:6
[TRAIN] Epoch: 50 Loss: 0.17576707800497085 Time: 0:34
[VALID] Epoch: 50 Loss: 0.1760821326408447 Time: 0:6
[TRAIN] Epoch: 51 Loss: 0.17365860394061314 Time: 0:33
[VALID] Epoch: 51 Loss: 0.17645116361400967 Time: 0:6
[TRAIN] Epoch: 52 Loss: 0.17403823950377054 Time: 0:33
[VALID] Epoch: 52 Loss: 0.17494644405653365 Time: 0:6
[TRAIN] Epoch: 53 Loss: 0.17084976805111787 Time: 0:34
[VALID] Epoch: 53 Loss: 0.17671082910195154 Time: 0:6
[TRAIN] Epoch: 54 Loss: 0.17139289001966074 Time: 0:34
[VALID] Epoch: 54 Loss: 0.1792487972392413 Time: 0:6
[TRAIN] Epoch: 55 Loss: 0.1713481714819297 Time: 0:34
[VALID] Epoch: 55 Loss: 0.1651977667600288 Time: 0:6
[TRAIN] Epoch: 56 Loss: 0.16843538787190285 Time: 0:33
[VALID] Epoch: 56 Loss: 0.1822555337018029 Time: 0:6
[TRAIN] Epoch: 57 Loss: 0.1679678093220987 Time: 0:34
[VALID] Epoch: 57 Loss: 0.17267379725515647 Time: 0:6
[TRAIN] Epoch: 58 Loss: 0.1649191477801212 Time: 0:33
[VALID] Epoch: 58 Loss: 0.16713936772425925 Time: 0:6
[TRAIN] Epoch: 59 Loss: 0.1645829528691526 Time: 0:34
[VALID] Epoch: 59 Loss: 0.17091119773093524 Time: 0:6
[TRAIN] Epoch: 60 Loss: 0.16331316149629507 Time: 0:35
[VALID] Epoch: 60 Loss: 0.171985051836415 Time: 0:6
[TRAIN] Epoch: 61 Loss: 0.16160357951179335 Time: 0:33
[VALID] Epoch: 61 Loss: 0.16706666735511616 Time: 0:6
[TRAIN] Epoch: 62 Loss: 0.16159529997161107 Time: 0:34
[VALID] Epoch: 62 Loss: 0.17508102503957407 Time: 0:6
[TRAIN] Epoch: 63 Loss: 0.16087080741035353 Time: 0:33
[VALID] Epoch: 63 Loss: 0.16419151092947787 Time: 0:6
[TRAIN] Epoch: 64 Loss: 0.1594538766954451 Time: 0:33
[VALID] Epoch: 64 Loss: 0.16957503964017906 Time: 0:6
[TRAIN] Epoch: 65 Loss: 0.16101274268188367 Time: 0:34
[VALID] Epoch: 65 Loss: 0.18320797810094597 Time: 0:6
[TRAIN] Epoch: 66 Loss: 0.15847172318963063 Time: 0:34
[VALID] Epoch: 66 Loss: 0.16006750637095035 Time: 0:6
[TRAIN] Epoch: 67 Loss: 0.15675615649100236 Time: 0:35
[VALID] Epoch: 67 Loss: 0.1603723800564852 Time: 0:6
[TRAIN] Epoch: 68 Loss: 0.1568353828846864 Time: 0:33
[VALID] Epoch: 68 Loss: 0.16040871074586766 Time: 0:6
[TRAIN] Epoch: 69 Loss: 0.15553296317655282 Time: 0:33
[VALID] Epoch: 69 Loss: 0.16611956259879176 Time: 0:6
[TRAIN] Epoch: 70 Loss: 0.1553614368364141 Time: 0:34
[VALID] Epoch: 70 Loss: 0.16220690194985452 Time: 0:6
[TRAIN] Epoch: 71 Loss: 0.15434918134042586 Time: 0:34
[VALID] Epoch: 71 Loss: 0.19461685560620098 Time: 0:6
[TRAIN] Epoch: 72 Loss: 0.156536786158338 Time: 0:34
[VALID] Epoch: 72 Loss: 0.1589114468258316 Time: 0:6
[TRAIN] Epoch: 73 Loss: 0.15213033009741614 Time: 0:33
[VALID] Epoch: 73 Loss: 0.15351686452894195 Time: 0:6
[TRAIN] Epoch: 74 Loss: 0.15097489155245916 Time: 0:34
[VALID] Epoch: 74 Loss: 0.1586332989459551 Time: 0:6
[TRAIN] Epoch: 75 Loss: 0.15132498744243073 Time: 0:34
[VALID] Epoch: 75 Loss: 0.16733156541423375 Time: 0:6
[TRAIN] Epoch: 76 Loss: 0.14955050839203327 Time: 0:33
[VALID] Epoch: 76 Loss: 0.15302611388860696 Time: 0:6
[TRAIN] Epoch: 77 Loss: 0.14841753354110346 Time: 0:33
[VALID] Epoch: 77 Loss: 0.15610970636095334 Time: 0:6
[TRAIN] Epoch: 78 Loss: 0.14872034171566484 Time: 0:34
[VALID] Epoch: 78 Loss: 0.15531504211609604 Time: 0:6
[TRAIN] Epoch: 79 Loss: 0.1489447315854025 Time: 0:33
[VALID] Epoch: 79 Loss: 0.14549127395139055 Time: 0:6
[TRAIN] Epoch: 80 Loss: 0.14696448758597078 Time: 0:34
[VALID] Epoch: 80 Loss: 0.1626764788036159 Time: 0:6
[TRAIN] Epoch: 81 Loss: 0.14617726734630676 Time: 0:34
[VALID] Epoch: 81 Loss: 0.15900974680458246 Time: 0:6
[TRAIN] Epoch: 82 Loss: 0.14426445034518473 Time: 0:33
[VALID] Epoch: 82 Loss: 0.15254687498065886 Time: 0:6
[TRAIN] Epoch: 83 Loss: 0.14701337985902305 Time: 0:34
[VALID] Epoch: 83 Loss: 0.14916223047284546 Time: 0:6
[TRAIN] Epoch: 84 Loss: 0.14471367000505267 Time: 0:33
[VALID] Epoch: 84 Loss: 0.15236419271590868 Time: 0:6
[TRAIN] Epoch: 85 Loss: 0.1448721664262529 Time: 0:33
[VALID] Epoch: 85 Loss: 0.14325138671064003 Time: 0:6
[TRAIN] Epoch: 86 Loss: 0.14410915140260117 Time: 0:34
[VALID] Epoch: 86 Loss: 0.14853889239927515 Time: 0:6
[TRAIN] Epoch: 87 Loss: 0.14345496354857387 Time: 0:33
[VALID] Epoch: 87 Loss: 0.1626923076539912 Time: 0:6
[TRAIN] Epoch: 88 Loss: 0.1452079355075587 Time: 0:34
[VALID] Epoch: 88 Loss: 0.1528214064003577 Time: 0:6
[TRAIN] Epoch: 89 Loss: 0.14425075361288708 Time: 0:33
[VALID] Epoch: 89 Loss: 0.148311336131177 Time: 0:6
[TRAIN] Epoch: 90 Loss: 0.14244181687058893 Time: 0:34
[VALID] Epoch: 90 Loss: 0.14748584713763396 Time: 0:6
[TRAIN] Epoch: 91 Loss: 0.1409105532395686 Time: 0:34
[VALID] Epoch: 91 Loss: 0.15800790633492343 Time: 0:6
[TRAIN] Epoch: 92 Loss: 0.14199253947578613 Time: 0:34
[VALID] Epoch: 92 Loss: 0.14149822673891221 Time: 0:6
[TRAIN] Epoch: 93 Loss: 0.1397759105854202 Time: 0:34
[VALID] Epoch: 93 Loss: 0.14550694266961758 Time: 0:6
[TRAIN] Epoch: 94 Loss: 0.14168537706755716 Time: 0:34
[VALID] Epoch: 94 Loss: 0.14839970396103436 Time: 0:6
[TRAIN] Epoch: 95 Loss: 0.13811751692800517 Time: 0:34
[VALID] Epoch: 95 Loss: 0.13775735600364006 Time: 0:6
[TRAIN] Epoch: 96 Loss: 0.13974997149784027 Time: 0:34
[VALID] Epoch: 96 Loss: 0.14448613545246775 Time: 0:6
[TRAIN] Epoch: 97 Loss: 0.13942236875050965 Time: 0:33
[VALID] Epoch: 97 Loss: 0.15027244122806838 Time: 0:6
[TRAIN] Epoch: 98 Loss: 0.1399330526285377 Time: 0:34
[VALID] Epoch: 98 Loss: 0.14247948618099693 Time: 0:6
[TRAIN] Epoch: 99 Loss: 0.13737712150531703 Time: 0:33
[VALID] Epoch: 99 Loss: 0.14081408649601457 Time: 0:6
[TRAIN] Epoch: 100 Loss: 0.13895094245661843 Time: 0:35
[VALID] Epoch: 100 Loss: 0.1421862331009062 Time: 0:6
[TRAIN] Epoch: 101 Loss: 0.137219921726817 Time: 0:34
[VALID] Epoch: 101 Loss: 0.13848599279384743 Time: 0:6
[TRAIN] Epoch: 102 Loss: 0.13588077402505835 Time: 0:34
[VALID] Epoch: 102 Loss: 0.13733448882662355 Time: 0:6
[TRAIN] Epoch: 103 Loss: 0.13553397293292066 Time: 0:33
[VALID] Epoch: 103 Loss: 0.14269806050187694 Time: 0:6
[TRAIN] Epoch: 104 Loss: 0.13576188760203423 Time: 0:34
[VALID] Epoch: 104 Loss: 0.14577358730657447 Time: 0:6
[TRAIN] Epoch: 105 Loss: 0.13487771213540356 Time: 0:33
[VALID] Epoch: 105 Loss: 0.13694754257836794 Time: 0:6
[TRAIN] Epoch: 106 Loss: 0.13567542264548033 Time: 0:33
[VALID] Epoch: 106 Loss: 0.13936026791473527 Time: 0:6
[TRAIN] Epoch: 107 Loss: 0.13417290446457825 Time: 0:33
[VALID] Epoch: 107 Loss: 0.13576464913138564 Time: 0:6
[TRAIN] Epoch: 108 Loss: 0.13525035102171523 Time: 0:34
[VALID] Epoch: 108 Loss: 0.1411833816698554 Time: 0:6
[TRAIN] Epoch: 109 Loss: 0.13320420931458357 Time: 0:34
[VALID] Epoch: 109 Loss: 0.13708820084422865 Time: 0:6
[TRAIN] Epoch: 110 Loss: 0.1348828229604354 Time: 0:34
[VALID] Epoch: 110 Loss: 0.1431972523737431 Time: 0:6
[TRAIN] Epoch: 111 Loss: 0.13365188822963717 Time: 0:34
[VALID] Epoch: 111 Loss: 0.136226109807546 Time: 0:6
[TRAIN] Epoch: 112 Loss: 0.1332473024244982 Time: 0:34
[VALID] Epoch: 112 Loss: 0.14516316503143983 Time: 0:6
[TRAIN] Epoch: 113 Loss: 0.13182241554929905 Time: 0:34
[VALID] Epoch: 113 Loss: 0.1370869759524484 Time: 0:6
[TRAIN] Epoch: 114 Loss: 0.13254595954260653 Time: 0:34
[VALID] Epoch: 114 Loss: 0.13368147889110138 Time: 0:6
[TRAIN] Epoch: 115 Loss: 0.13159629941466894 Time: 0:34
[VALID] Epoch: 115 Loss: 0.13250334815864848 Time: 0:6
[TRAIN] Epoch: 116 Loss: 0.1308139494043287 Time: 0:34
[VALID] Epoch: 116 Loss: 0.1307877216310254 Time: 0:6
[TRAIN] Epoch: 117 Loss: 0.1305589441316302 Time: 0:34
[VALID] Epoch: 117 Loss: 0.1297653559872011 Time: 0:6
[TRAIN] Epoch: 118 Loss: 0.13118851966680228 Time: 0:34
[VALID] Epoch: 118 Loss: 0.13824747954202157 Time: 0:6
[TRAIN] Epoch: 119 Loss: 0.12999406016338197 Time: 0:34
[VALID] Epoch: 119 Loss: 0.14332417515903775 Time: 0:6
[TRAIN] Epoch: 120 Loss: 0.1301343664841296 Time: 0:33
[VALID] Epoch: 120 Loss: 0.1322705582348206 Time: 0:6
[TRAIN] Epoch: 121 Loss: 0.12979506430157564 Time: 0:33
[VALID] Epoch: 121 Loss: 0.13422357210816194 Time: 0:6
[TRAIN] Epoch: 122 Loss: 0.13060067825573057 Time: 0:34
[VALID] Epoch: 122 Loss: 0.13032187057669642 Time: 0:6
[TRAIN] Epoch: 123 Loss: 0.12896326161792182 Time: 0:34
[VALID] Epoch: 123 Loss: 0.13531809774321507 Time: 0:6
[TRAIN] Epoch: 124 Loss: 0.12860900966270963 Time: 0:34
[VALID] Epoch: 124 Loss: 0.13813037116948002 Time: 0:6
[TRAIN] Epoch: 125 Loss: 0.12812423170351714 Time: 0:34
[VALID] Epoch: 125 Loss: 0.1317382613140343 Time: 0:6
[TRAIN] Epoch: 126 Loss: 0.12802209901578487 Time: 0:33
[VALID] Epoch: 126 Loss: 0.13112881414597777 Time: 0:6
[TRAIN] Epoch: 127 Loss: 0.12635709135755577 Time: 0:34
[VALID] Epoch: 127 Loss: 0.13006576724247318 Time: 0:6
[TRAIN] Epoch: 128 Loss: 0.12842461226748206 Time: 0:34
[VALID] Epoch: 128 Loss: 0.12903597221674296 Time: 0:6
[TRAIN] Epoch: 129 Loss: 0.12604180440586488 Time: 0:34
[VALID] Epoch: 129 Loss: 0.13173732884474923 Time: 0:6
[TRAIN] Epoch: 130 Loss: 0.12683916560617825 Time: 0:34
[VALID] Epoch: 130 Loss: 0.1500290568093513 Time: 0:6
[TRAIN] Epoch: 131 Loss: 0.12769820841635518 Time: 0:34
[VALID] Epoch: 131 Loss: 0.1298917756537301 Time: 0:6
[TRAIN] Epoch: 132 Loss: 0.1259711981525782 Time: 0:34
[VALID] Epoch: 132 Loss: 0.1257610110769372 Time: 0:6
[TRAIN] Epoch: 133 Loss: 0.1258294419868905 Time: 0:34
[VALID] Epoch: 133 Loss: 0.12431546583217012 Time: 0:6
[TRAIN] Epoch: 134 Loss: 0.125732350724909 Time: 0:34
[VALID] Epoch: 134 Loss: 0.12850000785157814 Time: 0:6
[TRAIN] Epoch: 135 Loss: 0.12491794436890355 Time: 0:33
[VALID] Epoch: 135 Loss: 0.1391719946928742 Time: 0:6
[TRAIN] Epoch: 136 Loss: 0.12537622070301935 Time: 0:34
[VALID] Epoch: 136 Loss: 0.1396939173580171 Time: 0:6
[TRAIN] Epoch: 137 Loss: 0.1252614768813477 Time: 0:34
[VALID] Epoch: 137 Loss: 0.12755179027706992 Time: 0:6
[TRAIN] Epoch: 138 Loss: 0.12271065193109795 Time: 0:34
[VALID] Epoch: 138 Loss: 0.13152398111872865 Time: 0:6
[TRAIN] Epoch: 139 Loss: 0.12460993456407615 Time: 0:34
[VALID] Epoch: 139 Loss: 0.12576721672887803 Time: 0:6
[TRAIN] Epoch: 140 Loss: 0.12317407045181172 Time: 0:34
[VALID] Epoch: 140 Loss: 0.12742768173563992 Time: 0:6
[TRAIN] Epoch: 141 Loss: 0.12489530049550537 Time: 0:34
[VALID] Epoch: 141 Loss: 0.13199240935680376 Time: 0:6
[TRAIN] Epoch: 142 Loss: 0.12439356918237114 Time: 0:33
[VALID] Epoch: 142 Loss: 0.12793217030511053 Time: 0:6
[TRAIN] Epoch: 143 Loss: 0.1225991101057457 Time: 0:34
[VALID] Epoch: 143 Loss: 0.12874173626547775 Time: 0:6
[TRAIN] Epoch: 144 Loss: 0.12448926976767999 Time: 0:34
[VALID] Epoch: 144 Loss: 0.11944943998988637 Time: 0:6
[TRAIN] Epoch: 145 Loss: 0.12147129574639112 Time: 0:33
[VALID] Epoch: 145 Loss: 0.12720874068325336 Time: 0:6
[TRAIN] Epoch: 146 Loss: 0.1221516137966822 Time: 0:34
[VALID] Epoch: 146 Loss: 0.12517119731833912 Time: 0:6
[TRAIN] Epoch: 147 Loss: 0.12228824032571078 Time: 0:33
[VALID] Epoch: 147 Loss: 0.12459723098019276 Time: 0:6
[TRAIN] Epoch: 148 Loss: 0.12202866619499095 Time: 0:33
[VALID] Epoch: 148 Loss: 0.12265606116322846 Time: 0:6
[TRAIN] Epoch: 149 Loss: 0.11962266369402763 Time: 0:34
[VALID] Epoch: 149 Loss: 0.1268826164169868 Time: 0:6
[TRAIN] Epoch: 150 Loss: 0.12257506368376335 Time: 0:34
[VALID] Epoch: 150 Loss: 0.12107111657801119 Time: 0:6
[TRAIN] Epoch: 151 Loss: 0.11984002119595309 Time: 0:34
[VALID] Epoch: 151 Loss: 0.12479102689756036 Time: 0:6
[TRAIN] Epoch: 152 Loss: 0.12112886016401248 Time: 0:34
[VALID] Epoch: 152 Loss: 0.1242302398196142 Time: 0:6
[TRAIN] Epoch: 153 Loss: 0.12115807952373578 Time: 0:33
[VALID] Epoch: 153 Loss: 0.11869497082925418 Time: 0:6
[TRAIN] Epoch: 154 Loss: 0.11929289106814252 Time: 0:34
[VALID] Epoch: 154 Loss: 0.12071862298732636 Time: 0:6
[TRAIN] Epoch: 155 Loss: 0.11878117002723515 Time: 0:34
[VALID] Epoch: 155 Loss: 0.11856991490982775 Time: 0:6
[TRAIN] Epoch: 156 Loss: 0.11984113716120151 Time: 0:34
[VALID] Epoch: 156 Loss: 0.12431364610758831 Time: 0:6
[TRAIN] Epoch: 157 Loss: 0.11808715393832708 Time: 0:33
[VALID] Epoch: 157 Loss: 0.12296492102889067 Time: 0:7
[TRAIN] Epoch: 158 Loss: 0.1172350879137367 Time: 0:34
[VALID] Epoch: 158 Loss: 0.1183619914379428 Time: 0:6
[TRAIN] Epoch: 159 Loss: 0.1188008849462473 Time: 0:33
[VALID] Epoch: 159 Loss: 0.12070280695382594 Time: 0:6
[TRAIN] Epoch: 160 Loss: 0.11952415300145641 Time: 0:33
[VALID] Epoch: 160 Loss: 0.12057166224198577 Time: 0:6
[TRAIN] Epoch: 161 Loss: 0.11838465662957151 Time: 0:34
[VALID] Epoch: 161 Loss: 0.12618941135007558 Time: 0:6
[TRAIN] Epoch: 162 Loss: 0.11791151405970765 Time: 0:33
[VALID] Epoch: 162 Loss: 0.12160627973568605 Time: 0:6
[TRAIN] Epoch: 163 Loss: 0.11794157257243547 Time: 0:34
[VALID] Epoch: 163 Loss: 0.11875184012229606 Time: 0:6
[TRAIN] Epoch: 164 Loss: 0.11854639390058956 Time: 0:34
[VALID] Epoch: 164 Loss: 0.11968226896961144 Time: 0:6
[TRAIN] Epoch: 165 Loss: 0.11566847061547283 Time: 0:34
[VALID] Epoch: 165 Loss: 0.12213690810387588 Time: 0:6
[TRAIN] Epoch: 166 Loss: 0.11758372543257702 Time: 0:34
[VALID] Epoch: 166 Loss: 0.12032803738576872 Time: 0:6
[TRAIN] Epoch: 167 Loss: 0.11777389638567799 Time: 0:34
[VALID] Epoch: 167 Loss: 0.12012805734469104 Time: 0:6
[TRAIN] Epoch: 168 Loss: 0.11710607132370551 Time: 0:35
[VALID] Epoch: 168 Loss: 0.12496099720375421 Time: 0:6
[TRAIN] Epoch: 169 Loss: 0.1169554900317645 Time: 0:34
[VALID] Epoch: 169 Loss: 0.12276190274215361 Time: 0:6
[TRAIN] Epoch: 170 Loss: 0.11665688925918316 Time: 0:34
[VALID] Epoch: 170 Loss: 0.1153827524211499 Time: 0:6
[TRAIN] Epoch: 171 Loss: 0.116427194219187 Time: 0:34
[VALID] Epoch: 171 Loss: 0.11857354879779085 Time: 0:6
[TRAIN] Epoch: 172 Loss: 0.11613664638852955 Time: 0:33
[VALID] Epoch: 172 Loss: 0.11610941459371205 Time: 0:6
[TRAIN] Epoch: 173 Loss: 0.11681362633202942 Time: 0:34
[VALID] Epoch: 173 Loss: 0.1165625973552778 Time: 0:6
[TRAIN] Epoch: 174 Loss: 0.11516006111058076 Time: 0:34
[VALID] Epoch: 174 Loss: 0.12092984705128985 Time: 0:6
[TRAIN] Epoch: 175 Loss: 0.1149385077205474 Time: 0:33
[VALID] Epoch: 175 Loss: 0.11651706885000443 Time: 0:6
[TRAIN] Epoch: 176 Loss: 0.1143108437306894 Time: 0:33
[VALID] Epoch: 176 Loss: 0.12583517560895774 Time: 0:6
[TRAIN] Epoch: 177 Loss: 0.11469735677459358 Time: 0:34
[VALID] Epoch: 177 Loss: 0.1188003362770792 Time: 0:6
[TRAIN] Epoch: 178 Loss: 0.11431769294470148 Time: 0:34
[VALID] Epoch: 178 Loss: 0.12228916424548614 Time: 0:6
[TRAIN] Epoch: 179 Loss: 0.11405865024612123 Time: 0:33
[VALID] Epoch: 179 Loss: 0.11450859123785535 Time: 0:6
[TRAIN] Epoch: 180 Loss: 0.11469072863981318 Time: 0:34
[VALID] Epoch: 180 Loss: 0.11627258220522843 Time: 0:6
[TRAIN] Epoch: 181 Loss: 0.11571397225676613 Time: 0:33
[VALID] Epoch: 181 Loss: 0.1216938033572704 Time: 0:6
[TRAIN] Epoch: 182 Loss: 0.11504762967010233 Time: 0:34
[VALID] Epoch: 182 Loss: 0.11699810498704558 Time: 0:6
[TRAIN] Epoch: 183 Loss: 0.11502485021964871 Time: 0:33
[VALID] Epoch: 183 Loss: 0.11330683969990425 Time: 0:6
[TRAIN] Epoch: 184 Loss: 0.11438401919403396 Time: 0:33
[VALID] Epoch: 184 Loss: 0.11997546309583261 Time: 0:6
[TRAIN] Epoch: 185 Loss: 0.11286550362052906 Time: 0:34
[VALID] Epoch: 185 Loss: 0.11959370426038052 Time: 0:6
[TRAIN] Epoch: 186 Loss: 0.11420477150409086 Time: 0:35
[VALID] Epoch: 186 Loss: 0.11196486142366685 Time: 0:7
[TRAIN] Epoch: 187 Loss: 0.11292305014661713 Time: 0:37
[VALID] Epoch: 187 Loss: 0.12065936556103211 Time: 0:7
[TRAIN] Epoch: 188 Loss: 0.11356521933235866 Time: 0:36
[VALID] Epoch: 188 Loss: 0.11485309562804168 Time: 0:7
[TRAIN] Epoch: 189 Loss: 0.11354847950101593 Time: 0:36
[VALID] Epoch: 189 Loss: 0.12223152501683457 Time: 0:6
[TRAIN] Epoch: 190 Loss: 0.11369912739192245 Time: 0:35
[VALID] Epoch: 190 Loss: 0.1131238077592197 Time: 0:7
[TRAIN] Epoch: 191 Loss: 0.11165940220770076 Time: 0:36
[VALID] Epoch: 191 Loss: 0.11822296479388299 Time: 0:7
[TRAIN] Epoch: 192 Loss: 0.11458652362753194 Time: 0:37
[VALID] Epoch: 192 Loss: 0.1250657478662143 Time: 0:7
[TRAIN] Epoch: 193 Loss: 0.11334736724253244 Time: 0:36
[VALID] Epoch: 193 Loss: 0.11838164277431228 Time: 0:7
[TRAIN] Epoch: 194 Loss: 0.11129284763597745 Time: 0:36
[VALID] Epoch: 194 Loss: 0.11962925657882775 Time: 0:7
[TRAIN] Epoch: 195 Loss: 0.11237373339612 Time: 0:37
[VALID] Epoch: 195 Loss: 0.11226023706542611 Time: 0:7
[TRAIN] Epoch: 196 Loss: 0.11169257064749183 Time: 0:36
[VALID] Epoch: 196 Loss: 0.11602847256150049 Time: 0:7
[TRAIN] Epoch: 197 Loss: 0.11303228212819054 Time: 0:36
[VALID] Epoch: 197 Loss: 0.1217263349696582 Time: 0:7
[TRAIN] Epoch: 198 Loss: 0.11110539468718986 Time: 0:36
[VALID] Epoch: 198 Loss: 0.11896731794781498 Time: 0:7
[TRAIN] Epoch: 199 Loss: 0.11125251017441566 Time: 0:36
[VALID] Epoch: 199 Loss: 0.11445424564320704 Time: 0:7
[TRAIN] Epoch: 200 Loss: 0.11111471754751244 Time: 0:36
[VALID] Epoch: 200 Loss: 0.10995457225962163 Time: 0:7
[TRAIN] Epoch: 201 Loss: 0.11207551840005335 Time: 0:36
[VALID] Epoch: 201 Loss: 0.10871219547584252 Time: 0:6
[TRAIN] Epoch: 202 Loss: 0.1108897728760107 Time: 0:36
[VALID] Epoch: 202 Loss: 0.11279941020258771 Time: 0:7
[TRAIN] Epoch: 203 Loss: 0.1116471373029943 Time: 0:37
[VALID] Epoch: 203 Loss: 0.10962295568067752 Time: 0:6
[TRAIN] Epoch: 204 Loss: 0.11032893123200668 Time: 0:36
[VALID] Epoch: 204 Loss: 0.11516124134167784 Time: 0:7
[TRAIN] Epoch: 205 Loss: 0.11077963850623009 Time: 0:37
[VALID] Epoch: 205 Loss: 0.11422682040230886 Time: 0:6
[TRAIN] Epoch: 206 Loss: 0.11114976930859018 Time: 0:36
[VALID] Epoch: 206 Loss: 0.11114832094454122 Time: 0:7
[TRAIN] Epoch: 207 Loss: 0.11016013990234616 Time: 0:37
[VALID] Epoch: 207 Loss: 0.11293818097484526 Time: 0:7
[TRAIN] Epoch: 208 Loss: 0.1097005008354131 Time: 0:37
[VALID] Epoch: 208 Loss: 0.11187619647193425 Time: 0:7
[TRAIN] Epoch: 209 Loss: 0.1104820795734882 Time: 0:37
[VALID] Epoch: 209 Loss: 0.10967733074864947 Time: 0:7
[TRAIN] Epoch: 210 Loss: 0.11009503746260453 Time: 0:36
[VALID] Epoch: 210 Loss: 0.11518054044095001 Time: 0:7
[TRAIN] Epoch: 211 Loss: 0.10864035343364094 Time: 0:36
[VALID] Epoch: 211 Loss: 0.10955591948727199 Time: 0:7
[TRAIN] Epoch: 212 Loss: 0.10987905972993026 Time: 0:36
[VALID] Epoch: 212 Loss: 0.11645031725350737 Time: 0:7
[TRAIN] Epoch: 213 Loss: 0.11089836219922991 Time: 0:36
[VALID] Epoch: 213 Loss: 0.11903613855609269 Time: 0:7
[TRAIN] Epoch: 214 Loss: 0.11032664248316781 Time: 0:36
[VALID] Epoch: 214 Loss: 0.11126001307278242 Time: 0:7
[TRAIN] Epoch: 215 Loss: 0.1096055640498217 Time: 0:37
[VALID] Epoch: 215 Loss: 0.11295349744594718 Time: 0:7
[TRAIN] Epoch: 216 Loss: 0.10839749441796241 Time: 0:36
[VALID] Epoch: 216 Loss: 0.12421672095135085 Time: 0:7
[TRAIN] Epoch: 217 Loss: 0.10937642298067952 Time: 0:36
[VALID] Epoch: 217 Loss: 0.11087878169270639 Time: 0:7
[TRAIN] Epoch: 218 Loss: 0.10884986452372854 Time: 0:37
[VALID] Epoch: 218 Loss: 0.11402503126519721 Time: 0:7
[TRAIN] Epoch: 219 Loss: 0.10822217684998385 Time: 0:37
[VALID] Epoch: 219 Loss: 0.11027748018071008 Time: 0:7
[TRAIN] Epoch: 220 Loss: 0.1081320930481491 Time: 0:36
[VALID] Epoch: 220 Loss: 0.11105232248662791 Time: 0:7
[TRAIN] Epoch: 221 Loss: 0.1088621610766149 Time: 0:36
[VALID] Epoch: 221 Loss: 0.11131378173451625 Time: 0:7
[TRAIN] Epoch: 222 Loss: 0.10697573388394892 Time: 0:37
[VALID] Epoch: 222 Loss: 0.11217709674057887 Time: 0:7
[TRAIN] Epoch: 223 Loss: 0.10668874857243368 Time: 0:36
[VALID] Epoch: 223 Loss: 0.11068488182380595 Time: 0:7
[TRAIN] Epoch: 224 Loss: 0.10824299115968992 Time: 0:36
[VALID] Epoch: 224 Loss: 0.10863606808477745 Time: 0:7
[TRAIN] Epoch: 225 Loss: 0.1098516771287007 Time: 0:36
[VALID] Epoch: 225 Loss: 0.1096735354171607 Time: 0:7
[TRAIN] Epoch: 226 Loss: 0.10598606321298862 Time: 0:36
[VALID] Epoch: 226 Loss: 0.11310257385770354 Time: 0:7
[TRAIN] Epoch: 227 Loss: 0.10777700776959871 Time: 0:36
[VALID] Epoch: 227 Loss: 0.11390665042804198 Time: 0:7
[TRAIN] Epoch: 228 Loss: 0.10693536700825622 Time: 0:36
[VALID] Epoch: 228 Loss: 0.11088874217223908 Time: 0:7
[TRAIN] Epoch: 229 Loss: 0.10700094413894741 Time: 0:36
[VALID] Epoch: 229 Loss: 0.10882394289688108 Time: 0:6
[TRAIN] Epoch: 230 Loss: 0.1067522529488668 Time: 0:36
[VALID] Epoch: 230 Loss: 0.10990838883829496 Time: 0:7
[TRAIN] Epoch: 231 Loss: 0.10579623494403552 Time: 0:36
[VALID] Epoch: 231 Loss: 0.11159528791101772 Time: 0:7
[TRAIN] Epoch: 232 Loss: 0.1066909960148545 Time: 0:37
[VALID] Epoch: 232 Loss: 0.1083721562908122 Time: 0:6
[TRAIN] Epoch: 233 Loss: 0.1045001677063427 Time: 0:36
[VALID] Epoch: 233 Loss: 0.11381144754246823 Time: 0:7
[TRAIN] Epoch: 234 Loss: 0.10436522732013195 Time: 0:36
[VALID] Epoch: 234 Loss: 0.11202845269665256 Time: 0:6
[TRAIN] Epoch: 235 Loss: 0.10564089294050048 Time: 0:36
[VALID] Epoch: 235 Loss: 0.10962479625631862 Time: 0:7
[TRAIN] Epoch: 236 Loss: 0.10610362487543915 Time: 0:36
[VALID] Epoch: 236 Loss: 0.11235139290247943 Time: 0:7
[TRAIN] Epoch: 237 Loss: 0.10656826537937987 Time: 0:35
[VALID] Epoch: 237 Loss: 0.10923635644783955 Time: 0:7
[TRAIN] Epoch: 238 Loss: 0.10646168794769714 Time: 0:36
[VALID] Epoch: 238 Loss: 0.106939588666118 Time: 0:7
[TRAIN] Epoch: 239 Loss: 0.10509914772271772 Time: 0:36
[VALID] Epoch: 239 Loss: 0.10744843761442927 Time: 0:7
[TRAIN] Epoch: 240 Loss: 0.10512758877799212 Time: 0:36
[VALID] Epoch: 240 Loss: 0.1031066812786121 Time: 0:7
[TRAIN] Epoch: 241 Loss: 0.10569154172878951 Time: 0:36
[VALID] Epoch: 241 Loss: 0.11206337170998514 Time: 0:7
[TRAIN] Epoch: 242 Loss: 0.10540140586280902 Time: 0:36
[VALID] Epoch: 242 Loss: 0.10928248810100864 Time: 0:7
[TRAIN] Epoch: 243 Loss: 0.10486093576519595 Time: 0:37
[VALID] Epoch: 243 Loss: 0.10938241158646188 Time: 0:7
[TRAIN] Epoch: 244 Loss: 0.10467791900949057 Time: 0:36
[VALID] Epoch: 244 Loss: 0.10437916052829332 Time: 0:7
[TRAIN] Epoch: 245 Loss: 0.10501295008620519 Time: 0:36
[VALID] Epoch: 245 Loss: 0.10508760662978117 Time: 0:7
Epoch 00245: reducing learning rate of group 0 to 1.0000e-03.
[TRAIN] Epoch: 246 Loss: 0.0986192116052122 Time: 0:36
[VALID] Epoch: 246 Loss: 0.0989218607518245 Time: 0:7
[TRAIN] Epoch: 247 Loss: 0.09512392319288437 Time: 0:36
[VALID] Epoch: 247 Loss: 0.09320352371375151 Time: 0:7
[TRAIN] Epoch: 248 Loss: 0.09341075718355739 Time: 0:36
[VALID] Epoch: 248 Loss: 0.09281979531979744 Time: 0:7
[TRAIN] Epoch: 249 Loss: 0.09202113506012395 Time: 0:36
[VALID] Epoch: 249 Loss: 0.09231196044515283 Time: 0:7
[TRAIN] Epoch: 250 Loss: 0.09160565890953964 Time: 0:37
[VALID] Epoch: 250 Loss: 0.09220883200425745 Time: 0:7
[TRAIN] Epoch: 251 Loss: 0.0900255338065337 Time: 0:36
[VALID] Epoch: 251 Loss: 0.08922038785797286 Time: 0:7
[TRAIN] Epoch: 252 Loss: 0.08991284656200582 Time: 0:36
[VALID] Epoch: 252 Loss: 0.08955821892480252 Time: 0:7
[TRAIN] Epoch: 253 Loss: 0.08793311990288809 Time: 0:36
[VALID] Epoch: 253 Loss: 0.08903958999497284 Time: 0:7
[TRAIN] Epoch: 254 Loss: 0.0879404609580533 Time: 0:36
[VALID] Epoch: 254 Loss: 0.08772733327838005 Time: 0:7
[TRAIN] Epoch: 255 Loss: 0.08698616055630054 Time: 0:36
[VALID] Epoch: 255 Loss: 0.08848792565241098 Time: 0:7
[TRAIN] Epoch: 256 Loss: 0.08658951272396075 Time: 0:36
[VALID] Epoch: 256 Loss: 0.0862405810469583 Time: 0:6
[TRAIN] Epoch: 257 Loss: 0.08579378215261566 Time: 0:36
[VALID] Epoch: 257 Loss: 0.08545656581355571 Time: 0:6
[TRAIN] Epoch: 258 Loss: 0.08429262209523607 Time: 0:36
[VALID] Epoch: 258 Loss: 0.08527743838444213 Time: 0:7
[TRAIN] Epoch: 259 Loss: 0.08443794137424597 Time: 0:36
[VALID] Epoch: 259 Loss: 0.08451443421850297 Time: 0:7
[TRAIN] Epoch: 260 Loss: 0.0839125614835743 Time: 0:36
[VALID] Epoch: 260 Loss: 0.08547537267156842 Time: 0:7
[TRAIN] Epoch: 261 Loss: 0.08371239537086937 Time: 0:37
[VALID] Epoch: 261 Loss: 0.0845368855007209 Time: 0:7
[TRAIN] Epoch: 262 Loss: 0.0834984512256552 Time: 0:36
[VALID] Epoch: 262 Loss: 0.08591927584403761 Time: 0:7
[TRAIN] Epoch: 263 Loss: 0.08318540959614106 Time: 0:37
[VALID] Epoch: 263 Loss: 0.08426703222011529 Time: 0:7
[TRAIN] Epoch: 264 Loss: 0.08293771570301489 Time: 0:35
[VALID] Epoch: 264 Loss: 0.083506117603865 Time: 0:7
[TRAIN] Epoch: 265 Loss: 0.08324905075353875 Time: 0:36
[VALID] Epoch: 265 Loss: 0.08223179502669345 Time: 0:7
[TRAIN] Epoch: 266 Loss: 0.0818853615918755 Time: 0:36
[VALID] Epoch: 266 Loss: 0.08322896556129715 Time: 0:7
[TRAIN] Epoch: 267 Loss: 0.08193280785216155 Time: 0:36
[VALID] Epoch: 267 Loss: 0.08402852433837296 Time: 0:7
[TRAIN] Epoch: 268 Loss: 0.08176407481744985 Time: 0:36
[VALID] Epoch: 268 Loss: 0.08314661230171662 Time: 0:7
[TRAIN] Epoch: 269 Loss: 0.08133324650929974 Time: 0:36
[VALID] Epoch: 269 Loss: 0.08196932436416053 Time: 0:7
[TRAIN] Epoch: 270 Loss: 0.08157052280776572 Time: 0:36
[VALID] Epoch: 270 Loss: 0.0821334806408916 Time: 0:7
[TRAIN] Epoch: 271 Loss: 0.08196435848879972 Time: 0:36
[VALID] Epoch: 271 Loss: 0.08401634528209788 Time: 0:6
[TRAIN] Epoch: 272 Loss: 0.0815350529006808 Time: 0:36
[VALID] Epoch: 272 Loss: 0.08035088032324868 Time: 0:6
[TRAIN] Epoch: 273 Loss: 0.08104185209563615 Time: 0:36
[VALID] Epoch: 273 Loss: 0.08129949999007555 Time: 0:7
[TRAIN] Epoch: 274 Loss: 0.08095076223156103 Time: 0:36
[VALID] Epoch: 274 Loss: 0.08082062782264804 Time: 0:7
[TRAIN] Epoch: 275 Loss: 0.08084967492841949 Time: 0:36
[VALID] Epoch: 275 Loss: 0.08284343656702226 Time: 0:6
[TRAIN] Epoch: 276 Loss: 0.07977094273993694 Time: 0:36
[VALID] Epoch: 276 Loss: 0.08242961566970004 Time: 0:7
[TRAIN] Epoch: 277 Loss: 0.07982563279072435 Time: 0:36
[VALID] Epoch: 277 Loss: 0.08053092348578787 Time: 0:7
[TRAIN] Epoch: 278 Loss: 0.08042457822248587 Time: 0:36
[VALID] Epoch: 278 Loss: 0.07827998583357273 Time: 0:7
[TRAIN] Epoch: 279 Loss: 0.08041255138411701 Time: 0:37
[VALID] Epoch: 279 Loss: 0.08199912844453129 Time: 0:7
[TRAIN] Epoch: 280 Loss: 0.07949793865364137 Time: 0:36
[VALID] Epoch: 280 Loss: 0.08019923843904536 Time: 0:7
[TRAIN] Epoch: 281 Loss: 0.07915949090295846 Time: 0:37
[VALID] Epoch: 281 Loss: 0.07965342228946719 Time: 0:7
[TRAIN] Epoch: 282 Loss: 0.07945588666409491 Time: 0:37
[VALID] Epoch: 282 Loss: 0.07851765366680603 Time: 0:7
[TRAIN] Epoch: 283 Loss: 0.07949174150695366 Time: 0:37
[VALID] Epoch: 283 Loss: 0.07944580161122008 Time: 0:7
[TRAIN] Epoch: 284 Loss: 0.07970729679497673 Time: 0:37
[VALID] Epoch: 284 Loss: 0.08110655710579322 Time: 0:7
[TRAIN] Epoch: 285 Loss: 0.07872055276061526 Time: 0:36
[VALID] Epoch: 285 Loss: 0.08085069293021654 Time: 0:7
[TRAIN] Epoch: 286 Loss: 0.07891058502705824 Time: 0:37
[VALID] Epoch: 286 Loss: 0.08196313363035483 Time: 0:7
[TRAIN] Epoch: 287 Loss: 0.07831160891908534 Time: 0:36
[VALID] Epoch: 287 Loss: 0.07868315718809565 Time: 0:7
[TRAIN] Epoch: 288 Loss: 0.07844131789698425 Time: 0:37
[VALID] Epoch: 288 Loss: 0.07874333925168449 Time: 0:7
[TRAIN] Epoch: 289 Loss: 0.07859751557746443 Time: 0:36
[VALID] Epoch: 289 Loss: 0.07722859714965191 Time: 0:7
[TRAIN] Epoch: 290 Loss: 0.07855494495475907 Time: 0:36
[VALID] Epoch: 290 Loss: 0.07884350733628957 Time: 0:7
[TRAIN] Epoch: 291 Loss: 0.07812665897833211 Time: 0:37
[VALID] Epoch: 291 Loss: 0.07908357044746722 Time: 0:7
[TRAIN] Epoch: 292 Loss: 0.07850368025634788 Time: 0:37
[VALID] Epoch: 292 Loss: 0.07791365468109632 Time: 0:7
[TRAIN] Epoch: 293 Loss: 0.07851007955572702 Time: 0:37
[VALID] Epoch: 293 Loss: 0.07607325197029122 Time: 0:7
[TRAIN] Epoch: 294 Loss: 0.07818544185591002 Time: 0:36
[VALID] Epoch: 294 Loss: 0.07956017163423353 Time: 0:7
[TRAIN] Epoch: 295 Loss: 0.07807840431308168 Time: 0:36
[VALID] Epoch: 295 Loss: 0.07973259983118108 Time: 0:7
[TRAIN] Epoch: 296 Loss: 0.07800608223793007 Time: 0:37
[VALID] Epoch: 296 Loss: 0.07855775690792446 Time: 0:7
[TRAIN] Epoch: 297 Loss: 0.07776593398892787 Time: 0:36
[VALID] Epoch: 297 Loss: 0.07670430989291485 Time: 0:7
[TRAIN] Epoch: 298 Loss: 0.07848277975323252 Time: 0:36
[VALID] Epoch: 298 Loss: 0.07938615354745862 Time: 0:6
[TRAIN] Epoch: 299 Loss: 0.07807763717047209 Time: 0:36
[VALID] Epoch: 299 Loss: 0.0785534233947597 Time: 0:7
[TRAIN] Epoch: 300 Loss: 0.07759250352143987 Time: 0:36
[VALID] Epoch: 300 Loss: 0.07762901759788701 Time: 0:7
[TRAIN] Epoch: 301 Loss: 0.07751090790808843 Time: 0:36
[VALID] Epoch: 301 Loss: 0.07729434599333541 Time: 0:7
[TRAIN] Epoch: 302 Loss: 0.0771814113548035 Time: 0:37
[VALID] Epoch: 302 Loss: 0.07869521751983176 Time: 0:6
[TRAIN] Epoch: 303 Loss: 0.0764865636596294 Time: 0:36
[VALID] Epoch: 303 Loss: 0.0791227218208059 Time: 0:6
[TRAIN] Epoch: 304 Loss: 0.07713216168640484 Time: 0:36
[VALID] Epoch: 304 Loss: 0.0800145716965649 Time: 0:6
[TRAIN] Epoch: 305 Loss: 0.07702260744592096 Time: 0:36
[VALID] Epoch: 305 Loss: 0.07915169898945604 Time: 0:7
[TRAIN] Epoch: 306 Loss: 0.07725909937158225 Time: 0:36
[VALID] Epoch: 306 Loss: 0.07756531418738888 Time: 0:7
[TRAIN] Epoch: 307 Loss: 0.07738970454697866 Time: 0:36
[VALID] Epoch: 307 Loss: 0.07687436989878793 Time: 0:7
[TRAIN] Epoch: 308 Loss: 0.0772589877331067 Time: 0:36
[VALID] Epoch: 308 Loss: 0.07687473394960406 Time: 0:7
[TRAIN] Epoch: 309 Loss: 0.07667699495272541 Time: 0:36
[VALID] Epoch: 309 Loss: 0.07500668281097418 Time: 0:7
[TRAIN] Epoch: 310 Loss: 0.07657022523047409 Time: 0:36
[VALID] Epoch: 310 Loss: 0.07689743919677938 Time: 0:7
[TRAIN] Epoch: 311 Loss: 0.07737541118644425 Time: 0:36
[VALID] Epoch: 311 Loss: 0.07831484527008319 Time: 0:7
[TRAIN] Epoch: 312 Loss: 0.07633844967973394 Time: 0:36
[VALID] Epoch: 312 Loss: 0.07823932448684905 Time: 0:7
[TRAIN] Epoch: 313 Loss: 0.07730111471308954 Time: 0:36
[VALID] Epoch: 313 Loss: 0.08035440526615228 Time: 0:7
[TRAIN] Epoch: 314 Loss: 0.0774864449175733 Time: 0:36
[VALID] Epoch: 314 Loss: 0.07868376024858575 Time: 0:7
[TRAIN] Epoch: 315 Loss: 0.076650879501782 Time: 0:36
[VALID] Epoch: 315 Loss: 0.07685157876306835 Time: 0:7
[TRAIN] Epoch: 316 Loss: 0.0768938352476202 Time: 0:38
[VALID] Epoch: 316 Loss: 0.07691358601009389 Time: 0:7
[TRAIN] Epoch: 317 Loss: 0.07612444699821166 Time: 0:36
[VALID] Epoch: 317 Loss: 0.07618185583161734 Time: 0:7
[TRAIN] Epoch: 318 Loss: 0.07719798452010548 Time: 0:36
[VALID] Epoch: 318 Loss: 0.07784189935872955 Time: 0:7
[TRAIN] Epoch: 319 Loss: 0.07632203703068145 Time: 0:35
[VALID] Epoch: 319 Loss: 0.07796639794373966 Time: 0:6
[TRAIN] Epoch: 320 Loss: 0.07611515267817512 Time: 0:36
[VALID] Epoch: 320 Loss: 0.07821502892434606 Time: 0:7
[TRAIN] Epoch: 321 Loss: 0.07637771165087937 Time: 0:36
[VALID] Epoch: 321 Loss: 0.0775859597855919 Time: 0:7
[TRAIN] Epoch: 322 Loss: 0.07603492771595244 Time: 0:36
[VALID] Epoch: 322 Loss: 0.07653799984819112 Time: 0:6
[TRAIN] Epoch: 323 Loss: 0.07646358977369933 Time: 0:36
[VALID] Epoch: 323 Loss: 0.07739033409980878 Time: 0:7
[TRAIN] Epoch: 324 Loss: 0.07635282650152438 Time: 0:36
[VALID] Epoch: 324 Loss: 0.07541965360592533 Time: 0:7
[TRAIN] Epoch: 325 Loss: 0.07636724997390788 Time: 0:36
[VALID] Epoch: 325 Loss: 0.07857726261179974 Time: 0:7
[TRAIN] Epoch: 326 Loss: 0.07574380813906703 Time: 0:36
[VALID] Epoch: 326 Loss: 0.07513250105591894 Time: 0:7
[TRAIN] Epoch: 327 Loss: 0.07584516394040108 Time: 0:36
[VALID] Epoch: 327 Loss: 0.0777915005469928 Time: 0:7
[TRAIN] Epoch: 328 Loss: 0.07627453451126281 Time: 0:36
[VALID] Epoch: 328 Loss: 0.0745374400189472 Time: 0:6
[TRAIN] Epoch: 329 Loss: 0.07635365085272534 Time: 0:35
[VALID] Epoch: 329 Loss: 0.0756797171184387 Time: 0:7
[TRAIN] Epoch: 330 Loss: 0.07637176752652015 Time: 0:36
[VALID] Epoch: 330 Loss: 0.07608650938262337 Time: 0:7
[TRAIN] Epoch: 331 Loss: 0.07602350607912593 Time: 0:36
[VALID] Epoch: 331 Loss: 0.07614802635205549 Time: 0:7
[TRAIN] Epoch: 332 Loss: 0.07593295718918874 Time: 0:36
[VALID] Epoch: 332 Loss: 0.07655703235585072 Time: 0:7
[TRAIN] Epoch: 333 Loss: 0.07613817482248922 Time: 0:36
[VALID] Epoch: 333 Loss: 0.07733699324744944 Time: 0:7
[TRAIN] Epoch: 334 Loss: 0.0757486183686297 Time: 0:37
[VALID] Epoch: 334 Loss: 0.07522169956837604 Time: 0:7
[TRAIN] Epoch: 335 Loss: 0.0756470469283481 Time: 0:37
[VALID] Epoch: 335 Loss: 0.07666726990514058 Time: 0:7
[TRAIN] Epoch: 336 Loss: 0.07588014835528588 Time: 0:37
[VALID] Epoch: 336 Loss: 0.07627218348083635 Time: 0:7
[TRAIN] Epoch: 337 Loss: 0.07528778231616792 Time: 0:36
[VALID] Epoch: 337 Loss: 0.0755112155457284 Time: 0:7
[TRAIN] Epoch: 338 Loss: 0.0758861842375183 Time: 0:36
[VALID] Epoch: 338 Loss: 0.07609386086455852 Time: 0:7
[TRAIN] Epoch: 339 Loss: 0.07544694250872631 Time: 0:36
[VALID] Epoch: 339 Loss: 0.07541133270096885 Time: 0:7
[TRAIN] Epoch: 340 Loss: 0.07517399544231589 Time: 0:36
[VALID] Epoch: 340 Loss: 0.07754477929053018 Time: 0:7
[TRAIN] Epoch: 341 Loss: 0.0753581363232801 Time: 0:37
[VALID] Epoch: 341 Loss: 0.07579060649134707 Time: 0:7
[TRAIN] Epoch: 342 Loss: 0.075768597458491 Time: 0:36
[VALID] Epoch: 342 Loss: 0.07443455672961204 Time: 0:7
[TRAIN] Epoch: 343 Loss: 0.0756465646269279 Time: 0:36
[VALID] Epoch: 343 Loss: 0.07630327640692156 Time: 0:7
[TRAIN] Epoch: 344 Loss: 0.07517914291988746 Time: 0:35
[VALID] Epoch: 344 Loss: 0.07737396870894132 Time: 0:7
[TRAIN] Epoch: 345 Loss: 0.07569470074550204 Time: 0:36
[VALID] Epoch: 345 Loss: 0.07510642644123107 Time: 0:7
[TRAIN] Epoch: 346 Loss: 0.07538323126632104 Time: 0:36
[VALID] Epoch: 346 Loss: 0.07422264333602097 Time: 0:7
[TRAIN] Epoch: 347 Loss: 0.07459203905371796 Time: 0:36
[VALID] Epoch: 347 Loss: 0.07654296731669002 Time: 0:7
[TRAIN] Epoch: 348 Loss: 0.07464948916153286 Time: 0:36
[VALID] Epoch: 348 Loss: 0.07682786625203132 Time: 0:7
[TRAIN] Epoch: 349 Loss: 0.07521063801893255 Time: 0:36
[VALID] Epoch: 349 Loss: 0.07786093729098818 Time: 0:7
[TRAIN] Epoch: 350 Loss: 0.07492669810813431 Time: 0:36
[VALID] Epoch: 350 Loss: 0.07562653605767108 Time: 0:7
[TRAIN] Epoch: 351 Loss: 0.07502927852310803 Time: 0:36
[VALID] Epoch: 351 Loss: 0.07642639321253536 Time: 0:7
[TRAIN] Epoch: 352 Loss: 0.07502889955281838 Time: 0:36
[VALID] Epoch: 352 Loss: 0.07586164388593111 Time: 0:7
[TRAIN] Epoch: 353 Loss: 0.07464178989634583 Time: 0:37
[VALID] Epoch: 353 Loss: 0.07454354436456545 Time: 0:7
[TRAIN] Epoch: 354 Loss: 0.07484586513059516 Time: 0:37
[VALID] Epoch: 354 Loss: 0.07440575080169008 Time: 0:7
[TRAIN] Epoch: 355 Loss: 0.07451580439707482 Time: 0:37
[VALID] Epoch: 355 Loss: 0.07605399982031777 Time: 0:7
[TRAIN] Epoch: 356 Loss: 0.07527856463604997 Time: 0:36
[VALID] Epoch: 356 Loss: 0.07566708538533687 Time: 0:7
[TRAIN] Epoch: 357 Loss: 0.07534680810995588 Time: 0:36
[VALID] Epoch: 357 Loss: 0.07597729148122767 Time: 0:6
[TRAIN] Epoch: 358 Loss: 0.07522093094285232 Time: 0:36
[VALID] Epoch: 358 Loss: 0.07556750253861697 Time: 0:7
[TRAIN] Epoch: 359 Loss: 0.07453289632347378 Time: 0:36
[VALID] Epoch: 359 Loss: 0.07541293477499864 Time: 0:7
[TRAIN] Epoch: 360 Loss: 0.07530766968391822 Time: 0:36
[VALID] Epoch: 360 Loss: 0.07656478294550052 Time: 0:7
[TRAIN] Epoch: 361 Loss: 0.07509992726544633 Time: 0:38
[VALID] Epoch: 361 Loss: 0.07477693839860794 Time: 0:7
[TRAIN] Epoch: 362 Loss: 0.0748090400790713 Time: 0:37
[VALID] Epoch: 362 Loss: 0.07551806560602216 Time: 0:7
[TRAIN] Epoch: 363 Loss: 0.07484060565164372 Time: 0:38
[VALID] Epoch: 363 Loss: 0.07648124561541654 Time: 0:7
[TRAIN] Epoch: 364 Loss: 0.07550328396091267 Time: 0:39
[VALID] Epoch: 364 Loss: 0.07446227339191705 Time: 0:7
[TRAIN] Epoch: 365 Loss: 0.07473295765455334 Time: 0:37
[VALID] Epoch: 365 Loss: 0.07433639538253589 Time: 0:7
[TRAIN] Epoch: 366 Loss: 0.07445071529080512 Time: 0:38
[VALID] Epoch: 366 Loss: 0.07592490028415465 Time: 0:7
[TRAIN] Epoch: 367 Loss: 0.07567822085215024 Time: 0:38
[VALID] Epoch: 367 Loss: 0.07528572066186595 Time: 0:7
[TRAIN] Epoch: 368 Loss: 0.07381870833029568 Time: 0:37
[VALID] Epoch: 368 Loss: 0.07684369833218473 Time: 0:7
[TRAIN] Epoch: 369 Loss: 0.07462939364284588 Time: 0:38
[VALID] Epoch: 369 Loss: 0.07490820072257517 Time: 0:7
[TRAIN] Epoch: 370 Loss: 0.07448956961827913 Time: 0:39
[VALID] Epoch: 370 Loss: 0.07592560866345555 Time: 0:7
[TRAIN] Epoch: 371 Loss: 0.07477358497096956 Time: 0:37
[VALID] Epoch: 371 Loss: 0.07683446589904502 Time: 0:7
[TRAIN] Epoch: 372 Loss: 0.07477031993281162 Time: 0:39
[VALID] Epoch: 372 Loss: 0.07524204535912028 Time: 0:7
[TRAIN] Epoch: 373 Loss: 0.07465232904740446 Time: 0:38
[VALID] Epoch: 373 Loss: 0.07676893643831197 Time: 0:7
[TRAIN] Epoch: 374 Loss: 0.07511879563215121 Time: 0:39
[VALID] Epoch: 374 Loss: 0.07620270056427424 Time: 0:7
[TRAIN] Epoch: 375 Loss: 0.07465446523242711 Time: 0:36
[VALID] Epoch: 375 Loss: 0.07616084367395176 Time: 0:7
[TRAIN] Epoch: 376 Loss: 0.07437045532031257 Time: 0:39
[VALID] Epoch: 376 Loss: 0.0741266372301439 Time: 0:7
[TRAIN] Epoch: 377 Loss: 0.07499566688620107 Time: 0:39
[VALID] Epoch: 377 Loss: 0.07600024155881101 Time: 0:7
[TRAIN] Epoch: 378 Loss: 0.07436194795613321 Time: 0:40
[VALID] Epoch: 378 Loss: 0.07584433774628042 Time: 0:7
[TRAIN] Epoch: 379 Loss: 0.07500073981830835 Time: 0:39
[VALID] Epoch: 379 Loss: 0.07288642341968547 Time: 0:7
Epoch 00379: reducing learning rate of group 0 to 1.0000e-04.
[TRAIN] Epoch: 380 Loss: 0.07398857615036804 Time: 0:41
[VALID] Epoch: 380 Loss: 0.07290046861801523 Time: 0:7
[TRAIN] Epoch: 381 Loss: 0.07332842211331561 Time: 0:39
[VALID] Epoch: 381 Loss: 0.07257700220662357 Time: 0:7
[TRAIN] Epoch: 382 Loss: 0.07369783783263673 Time: 0:38
[VALID] Epoch: 382 Loss: 0.07457923523797592 Time: 0:7
[TRAIN] Epoch: 383 Loss: 0.07409137369563554 Time: 0:39
[VALID] Epoch: 383 Loss: 0.07342449292439125 Time: 0:7
[TRAIN] Epoch: 384 Loss: 0.07309270198700055 Time: 0:39
[VALID] Epoch: 384 Loss: 0.07455769522808983 Time: 0:7
[TRAIN] Epoch: 385 Loss: 0.07336116649555863 Time: 0:40
[VALID] Epoch: 385 Loss: 0.07400375144702691 Time: 0:7
[TRAIN] Epoch: 386 Loss: 0.07365558697463856 Time: 0:37
[VALID] Epoch: 386 Loss: 0.07283638816582778 Time: 0:7
[TRAIN] Epoch: 387 Loss: 0.0735657651962517 Time: 0:39
[VALID] Epoch: 387 Loss: 0.07409195201440721 Time: 0:7
[TRAIN] Epoch: 388 Loss: 0.07399785788930657 Time: 0:39
[VALID] Epoch: 388 Loss: 0.07208513873685002 Time: 0:7
[TRAIN] Epoch: 389 Loss: 0.07290068980714365 Time: 0:37
[VALID] Epoch: 389 Loss: 0.07327636239339107 Time: 0:7
[TRAIN] Epoch: 390 Loss: 0.07277502511522847 Time: 0:38
[VALID] Epoch: 390 Loss: 0.07402704287986128 Time: 0:7
[TRAIN] Epoch: 391 Loss: 0.07275539467076318 Time: 0:39
[VALID] Epoch: 391 Loss: 0.07277727359862328 Time: 0:7
[TRAIN] Epoch: 392 Loss: 0.07291222694340058 Time: 0:40
[VALID] Epoch: 392 Loss: 0.07451210396843322 Time: 0:7
[TRAIN] Epoch: 393 Loss: 0.07320675487344125 Time: 0:38
[VALID] Epoch: 393 Loss: 0.07366698576266659 Time: 0:7
[TRAIN] Epoch: 394 Loss: 0.07326457451486501 Time: 0:39
[VALID] Epoch: 394 Loss: 0.07417922128035691 Time: 0:7
[TRAIN] Epoch: 395 Loss: 0.07256278275439759 Time: 0:37
[VALID] Epoch: 395 Loss: 0.07294879642553272 Time: 0:7
[TRAIN] Epoch: 396 Loss: 0.07251383880237912 Time: 0:39
[VALID] Epoch: 396 Loss: 0.07317170884746657 Time: 0:7
[TRAIN] Epoch: 397 Loss: 0.07269003512294349 Time: 0:38
[VALID] Epoch: 397 Loss: 0.07266464966755255 Time: 0:7
[TRAIN] Epoch: 398 Loss: 0.07296484070033088 Time: 0:38
[VALID] Epoch: 398 Loss: 0.07402191663805233 Time: 0:7
[TRAIN] Epoch: 399 Loss: 0.0727540335131392 Time: 0:39
[VALID] Epoch: 399 Loss: 0.07284614073646485 Time: 0:7
[TRAIN] Epoch: 400 Loss: 0.07252270543485327 Time: 0:38
[VALID] Epoch: 400 Loss: 0.07435610571754522 Time: 0:7
[TRAIN] Epoch: 401 Loss: 0.07252664678148243 Time: 0:39
[VALID] Epoch: 401 Loss: 0.07312429699549652 Time: 0:7
[TRAIN] Epoch: 402 Loss: 0.07238614297066844 Time: 0:38
[VALID] Epoch: 402 Loss: 0.07340389456772063 Time: 0:7
[TRAIN] Epoch: 403 Loss: 0.07272412912526573 Time: 0:39
[VALID] Epoch: 403 Loss: 0.07151201116531589 Time: 0:7
[TRAIN] Epoch: 404 Loss: 0.0728462622096204 Time: 0:40
[VALID] Epoch: 404 Loss: 0.07205039171603207 Time: 0:7
[TRAIN] Epoch: 405 Loss: 0.07257818536142258 Time: 0:39
[VALID] Epoch: 405 Loss: 0.07427014184071895 Time: 0:7
[TRAIN] Epoch: 406 Loss: 0.0723964339048131 Time: 0:39
[VALID] Epoch: 406 Loss: 0.07386272297151478 Time: 0:7
[TRAIN] Epoch: 407 Loss: 0.0721561634945492 Time: 0:38
[VALID] Epoch: 407 Loss: 0.07241347498773214 Time: 0:7
[TRAIN] Epoch: 408 Loss: 0.07306265309266728 Time: 0:39
[VALID] Epoch: 408 Loss: 0.07348677074261055 Time: 0:7
[TRAIN] Epoch: 409 Loss: 0.07279180482644011 Time: 0:40
[VALID] Epoch: 409 Loss: 0.07504821422179384 Time: 0:7
[TRAIN] Epoch: 410 Loss: 0.07182196897220809 Time: 0:40
[VALID] Epoch: 410 Loss: 0.07633151876299897 Time: 0:7
[TRAIN] Epoch: 411 Loss: 0.0726661915027862 Time: 0:38
[VALID] Epoch: 411 Loss: 0.07279534535869388 Time: 0:6
[TRAIN] Epoch: 412 Loss: 0.07284076670056723 Time: 0:38
[VALID] Epoch: 412 Loss: 0.07456500509107598 Time: 0:7
[TRAIN] Epoch: 413 Loss: 0.07310303403755697 Time: 0:38
[VALID] Epoch: 413 Loss: 0.07038147675566446 Time: 0:7
[TRAIN] Epoch: 414 Loss: 0.07254107554242882 Time: 0:39
[VALID] Epoch: 414 Loss: 0.07202094158679287 Time: 0:7
[TRAIN] Epoch: 415 Loss: 0.07247888490463213 Time: 0:39
[VALID] Epoch: 415 Loss: 0.07159176372599638 Time: 0:7
[TRAIN] Epoch: 416 Loss: 0.07212662271333872 Time: 0:39
[VALID] Epoch: 416 Loss: 0.07475527128390684 Time: 0:7
[TRAIN] Epoch: 417 Loss: 0.07215128794598952 Time: 0:38
[VALID] Epoch: 417 Loss: 0.07155339961668776 Time: 0:6
[TRAIN] Epoch: 418 Loss: 0.07237802183185169 Time: 0:39
[VALID] Epoch: 418 Loss: 0.07306455306471782 Time: 0:7
[TRAIN] Epoch: 419 Loss: 0.07183000538641394 Time: 0:39
[VALID] Epoch: 419 Loss: 0.07485260866465487 Time: 0:7
[TRAIN] Epoch: 420 Loss: 0.07214617323708723 Time: 0:37
[VALID] Epoch: 420 Loss: 0.07234042941983686 Time: 0:7
[TRAIN] Epoch: 421 Loss: 0.07175196173993795 Time: 0:38
[VALID] Epoch: 421 Loss: 0.07415537324199012 Time: 0:7
[TRAIN] Epoch: 422 Loss: 0.07244189240028606 Time: 0:37
[VALID] Epoch: 422 Loss: 0.07273606523235965 Time: 0:7
[TRAIN] Epoch: 423 Loss: 0.07260021358356915 Time: 0:36
[VALID] Epoch: 423 Loss: 0.07065288025570116 Time: 0:7
[TRAIN] Epoch: 424 Loss: 0.07231339845897816 Time: 0:39
[VALID] Epoch: 424 Loss: 0.07225715033353272 Time: 0:7
[TRAIN] Epoch: 425 Loss: 0.0721956128340402 Time: 0:37
[VALID] Epoch: 425 Loss: 0.07225820819065036 Time: 0:7
[TRAIN] Epoch: 426 Loss: 0.07194363684632588 Time: 0:37
[VALID] Epoch: 426 Loss: 0.0725640507952501 Time: 0:7
[TRAIN] Epoch: 427 Loss: 0.0720672040965089 Time: 0:39
[VALID] Epoch: 427 Loss: 0.0722733322750394 Time: 0:7
[TRAIN] Epoch: 428 Loss: 0.07162932114241363 Time: 0:39
[VALID] Epoch: 428 Loss: 0.07218141901476795 Time: 0:7
[TRAIN] Epoch: 429 Loss: 0.07231858860766109 Time: 0:39
[VALID] Epoch: 429 Loss: 0.06997323540725947 Time: 0:7
[TRAIN] Epoch: 430 Loss: 0.0719676642647103 Time: 0:38
[VALID] Epoch: 430 Loss: 0.07038842281141997 Time: 0:7
[TRAIN] Epoch: 431 Loss: 0.07245209962901823 Time: 0:38
[VALID] Epoch: 431 Loss: 0.07291880041077207 Time: 0:7
[TRAIN] Epoch: 432 Loss: 0.07189237045216222 Time: 0:39
[VALID] Epoch: 432 Loss: 0.07394091874453182 Time: 0:7
[TRAIN] Epoch: 433 Loss: 0.0726075652074835 Time: 0:39
[VALID] Epoch: 433 Loss: 0.07370333424892891 Time: 0:7
[TRAIN] Epoch: 434 Loss: 0.07283799391958702 Time: 0:39
[VALID] Epoch: 434 Loss: 0.07104807056908512 Time: 0:7
[TRAIN] Epoch: 435 Loss: 0.07166131279539648 Time: 0:40
[VALID] Epoch: 435 Loss: 0.07201459302098669 Time: 0:7
[TRAIN] Epoch: 436 Loss: 0.07229334271753822 Time: 0:40
[VALID] Epoch: 436 Loss: 0.07211691111047905 Time: 0:7
[TRAIN] Epoch: 437 Loss: 0.07252943130467465 Time: 0:39
[VALID] Epoch: 437 Loss: 0.07125722879832157 Time: 0:7
[TRAIN] Epoch: 438 Loss: 0.07188925600283394 Time: 0:40
[VALID] Epoch: 438 Loss: 0.07361868316766941 Time: 0:7
[TRAIN] Epoch: 439 Loss: 0.07257028858833596 Time: 0:38
[VALID] Epoch: 439 Loss: 0.07154281929140051 Time: 0:7
Epoch 00439: reducing learning rate of group 0 to 1.0000e-05.
[TRAIN] Epoch: 440 Loss: 0.07212653901630059 Time: 0:38
[VALID] Epoch: 440 Loss: 0.07272587306508976 Time: 0:7
[TRAIN] Epoch: 441 Loss: 0.07264553215192608 Time: 0:38
[VALID] Epoch: 441 Loss: 0.07323088749500138 Time: 0:7
[TRAIN] Epoch: 442 Loss: 0.07246258256952191 Time: 0:40
[VALID] Epoch: 442 Loss: 0.07236726353507592 Time: 0:7
[TRAIN] Epoch: 443 Loss: 0.07199615927665598 Time: 0:40
[VALID] Epoch: 443 Loss: 0.07140585398929393 Time: 0:7
[TRAIN] Epoch: 444 Loss: 0.07136526596480115 Time: 0:36
[VALID] Epoch: 444 Loss: 0.07223837925246224 Time: 0:7
[TRAIN] Epoch: 445 Loss: 0.0716628982022484 Time: 0:39
[VALID] Epoch: 445 Loss: 0.0719770701904014 Time: 0:7
[TRAIN] Epoch: 446 Loss: 0.07173953264228983 Time: 0:39
[VALID] Epoch: 446 Loss: 0.07237483194960469 Time: 0:7
[TRAIN] Epoch: 447 Loss: 0.07204358650771664 Time: 0:37
[VALID] Epoch: 447 Loss: 0.07437761927498417 Time: 0:7
[TRAIN] Epoch: 448 Loss: 0.07151334542641546 Time: 0:37
[VALID] Epoch: 448 Loss: 0.07289690902378179 Time: 0:7
[TRAIN] Epoch: 449 Loss: 0.07176240277506678 Time: 0:37
[VALID] Epoch: 449 Loss: 0.07108893620521543 Time: 0:7
[TRAIN] Epoch: 450 Loss: 0.07201345819266354 Time: 0:38
[VALID] Epoch: 450 Loss: 0.07339741121186712 Time: 0:7
[TRAIN] Epoch: 451 Loss: 0.07183257887740299 Time: 0:40
[VALID] Epoch: 451 Loss: 0.07180050975618937 Time: 0:7
[TRAIN] Epoch: 452 Loss: 0.07186133274485275 Time: 0:38
[VALID] Epoch: 452 Loss: 0.07311313385644652 Time: 0:7
[TRAIN] Epoch: 453 Loss: 0.07211865061423665 Time: 0:38
[VALID] Epoch: 453 Loss: 0.07325059429241307 Time: 0:7
[TRAIN] Epoch: 454 Loss: 0.0720449521826952 Time: 0:39
[VALID] Epoch: 454 Loss: 0.07400100318981409 Time: 0:7
[TRAIN] Epoch: 455 Loss: 0.07221847526784245 Time: 0:38
[VALID] Epoch: 455 Loss: 0.07208765061710677 Time: 0:7
Epoch 00455: reducing learning rate of group 0 to 1.0000e-06.
[TRAIN] Epoch: 456 Loss: 0.07270448967119299 Time: 0:37
[VALID] Epoch: 456 Loss: 0.07248194061096498 Time: 0:7
[TRAIN] Epoch: 457 Loss: 0.07163018640050227 Time: 0:39
[VALID] Epoch: 457 Loss: 0.07139019096634562 Time: 0:7
[TRAIN] Epoch: 458 Loss: 0.07173926744839941 Time: 0:40
[VALID] Epoch: 458 Loss: 0.07155613678071432 Time: 0:7
[TRAIN] Epoch: 459 Loss: 0.07125435854304323 Time: 0:39
[VALID] Epoch: 459 Loss: 0.07262600146028292 Time: 0:7
[TRAIN] Epoch: 460 Loss: 0.07163612421062018 Time: 0:38
[VALID] Epoch: 460 Loss: 0.07349029352888965 Time: 0:7
[TRAIN] Epoch: 461 Loss: 0.07167922913286108 Time: 0:40
[VALID] Epoch: 461 Loss: 0.07136057735131392 Time: 0:7
[TRAIN] Epoch: 462 Loss: 0.07217108344174974 Time: 0:38
[VALID] Epoch: 462 Loss: 0.07136194083518765 Time: 0:7
[TRAIN] Epoch: 463 Loss: 0.07167138614046131 Time: 0:40
[VALID] Epoch: 463 Loss: 0.07172549963960241 Time: 0:7
[TRAIN] Epoch: 464 Loss: 0.07204453930861365 Time: 0:40
[VALID] Epoch: 464 Loss: 0.07247310475866696 Time: 0:7
[TRAIN] Epoch: 465 Loss: 0.0721562139395509 Time: 0:39
[VALID] Epoch: 465 Loss: 0.07087706304084009 Time: 0:6
[TRAIN] Epoch: 466 Loss: 0.07200560209656398 Time: 0:39
[VALID] Epoch: 466 Loss: 0.0714564491011157 Time: 0:7
[TRAIN] Epoch: 467 Loss: 0.07209500355345615 Time: 0:39
[VALID] Epoch: 467 Loss: 0.07199170450606371 Time: 0:6
[TRAIN] Epoch: 468 Loss: 0.0722740992096665 Time: 0:39
[VALID] Epoch: 468 Loss: 0.0735267841466975 Time: 0:6
[TRAIN] Epoch: 469 Loss: 0.07209882685433167 Time: 0:37
[VALID] Epoch: 469 Loss: 0.07171598312628732 Time: 0:7
[TRAIN] Epoch: 470 Loss: 0.0726191836110643 Time: 0:39
[VALID] Epoch: 470 Loss: 0.07445460007588298 Time: 0:7
Epoch 00470: reducing learning rate of group 0 to 1.0000e-07.
[TRAIN] Epoch: 471 Loss: 0.07185619314870131 Time: 0:38
[VALID] Epoch: 471 Loss: 0.07121501434361817 Time: 0:7
[TRAIN] Epoch: 472 Loss: 0.07191755162816599 Time: 0:39
[VALID] Epoch: 472 Loss: 0.0720177882264416 Time: 0:7
[TRAIN] Epoch: 473 Loss: 0.0725456858636095 Time: 0:38
[VALID] Epoch: 473 Loss: 0.07019525760134766 Time: 0:7
[TRAIN] Epoch: 474 Loss: 0.07175523056160667 Time: 0:36
[VALID] Epoch: 474 Loss: 0.07258782985052949 Time: 0:7
[TRAIN] Epoch: 475 Loss: 0.07208486442473612 Time: 0:39
[VALID] Epoch: 475 Loss: 0.06947462690945737 Time: 0:7
[TRAIN] Epoch: 476 Loss: 0.07235527795837648 Time: 0:39
[VALID] Epoch: 476 Loss: 0.07404686103004844 Time: 0:7
[TRAIN] Epoch: 477 Loss: 0.071870046769728 Time: 0:39
[VALID] Epoch: 477 Loss: 0.0717304345686383 Time: 0:7
[TRAIN] Epoch: 478 Loss: 0.0718599330336685 Time: 0:37
[VALID] Epoch: 478 Loss: 0.07207430825877346 Time: 0:7
[TRAIN] Epoch: 479 Loss: 0.07277194808572916 Time: 0:40
[VALID] Epoch: 479 Loss: 0.07350878039845961 Time: 0:7
[TRAIN] Epoch: 480 Loss: 0.07187349456383038 Time: 0:37
[VALID] Epoch: 480 Loss: 0.07162523533612264 Time: 0:7
[TRAIN] Epoch: 481 Loss: 0.07247810942887621 Time: 0:38
[VALID] Epoch: 481 Loss: 0.07370386117234333 Time: 0:8
Epoch 00481: reducing learning rate of group 0 to 1.0000e-08.
[TRAIN] Epoch: 482 Loss: 0.07247176428634529 Time: 0:39
[VALID] Epoch: 482 Loss: 0.07246604269093962 Time: 0:7
[TRAIN] Epoch: 483 Loss: 0.07185485612706555 Time: 0:38
[VALID] Epoch: 483 Loss: 0.07218191834076439 Time: 0:7
[TRAIN] Epoch: 484 Loss: 0.07250260325920141 Time: 0:39
[VALID] Epoch: 484 Loss: 0.07248357241931035 Time: 0:7
[TRAIN] Epoch: 485 Loss: 0.07210266007049237 Time: 0:39
[VALID] Epoch: 485 Loss: 0.07322777510939005 Time: 0:7
[TRAIN] Epoch: 486 Loss: 0.07223571677166488 Time: 0:38
[VALID] Epoch: 486 Loss: 0.07023012216536473 Time: 0:7
[TRAIN] Epoch: 487 Loss: 0.07189464643237088 Time: 0:39
[VALID] Epoch: 487 Loss: 0.07392263979013239 Time: 0:6
[TRAIN] Epoch: 488 Loss: 0.07207963047452211 Time: 0:40
[VALID] Epoch: 488 Loss: 0.07195943648877033 Time: 0:7
[TRAIN] Epoch: 489 Loss: 0.07181942503448939 Time: 0:39
[VALID] Epoch: 489 Loss: 0.07157827721362864 Time: 0:7
[TRAIN] Epoch: 490 Loss: 0.07191648066636798 Time: 0:39
[VALID] Epoch: 490 Loss: 0.07169593294325605 Time: 0:7
[TRAIN] Epoch: 491 Loss: 0.07203819680861036 Time: 0:37
[VALID] Epoch: 491 Loss: 0.07342893380566583 Time: 0:7
[TRAIN] Epoch: 492 Loss: 0.07150265461249014 Time: 0:38
[VALID] Epoch: 492 Loss: 0.07240929691360205 Time: 0:7
[TRAIN] Epoch: 493 Loss: 0.07159567850739672 Time: 0:40
[VALID] Epoch: 493 Loss: 0.07315126688544446 Time: 0:7
[TRAIN] Epoch: 494 Loss: 0.07137728049023603 Time: 0:39
[VALID] Epoch: 494 Loss: 0.0716612762978109 Time: 0:7
[TRAIN] Epoch: 495 Loss: 0.07184708556108838 Time: 0:39
[VALID] Epoch: 495 Loss: 0.07293695904717878 Time: 0:7
[TRAIN] Epoch: 496 Loss: 0.07209915143678382 Time: 0:38
[VALID] Epoch: 496 Loss: 0.07145700595221116 Time: 0:7
[TRAIN] Epoch: 497 Loss: 0.07192133731360434 Time: 0:39
[VALID] Epoch: 497 Loss: 0.07121258971243127 Time: 0:7
[TRAIN] Epoch: 498 Loss: 0.07222543302552281 Time: 0:36
[VALID] Epoch: 498 Loss: 0.07268309155076079 Time: 0:7
[TRAIN] Epoch: 499 Loss: 0.07212051343518797 Time: 0:38
[VALID] Epoch: 499 Loss: 0.07158613850206172 Time: 0:7
[TRAIN] Epoch: 500 Loss: 0.0721743701644603 Time: 0:39
[VALID] Epoch: 500 Loss: 0.07375569669848359 Time: 0:7
[TRAIN] Epoch: 501 Loss: 0.07188168105342506 Time: 0:39
[VALID] Epoch: 501 Loss: 0.07198955474671809 Time: 0:7
[TRAIN] Epoch: 502 Loss: 0.07195172309545259 Time: 0:39
[VALID] Epoch: 502 Loss: 0.07143345084671243 Time: 0:7
[TRAIN] Epoch: 503 Loss: 0.07227725387920704 Time: 0:39
[VALID] Epoch: 503 Loss: 0.0710407010033891 Time: 0:7
[TRAIN] Epoch: 504 Loss: 0.07205876603153062 Time: 0:39
[VALID] Epoch: 504 Loss: 0.07265054381687411 Time: 0:7
[TRAIN] Epoch: 505 Loss: 0.07161679593193934 Time: 0:38
[VALID] Epoch: 505 Loss: 0.07107240433721197 Time: 0:7
[TRAIN] Epoch: 506 Loss: 0.07157487389675395 Time: 0:39
[VALID] Epoch: 506 Loss: 0.07240131854671047 Time: 0:7
[TRAIN] Epoch: 507 Loss: 0.07165070634187473 Time: 0:39
[VALID] Epoch: 507 Loss: 0.07144723876058308 Time: 0:7
[TRAIN] Epoch: 508 Loss: 0.07192962600383401 Time: 0:40
[VALID] Epoch: 508 Loss: 0.07363317809532735 Time: 0:7
[TRAIN] Epoch: 509 Loss: 0.07180304978835515 Time: 0:40
[VALID] Epoch: 509 Loss: 0.07145202932856586 Time: 0:7
[TRAIN] Epoch: 510 Loss: 0.07190084738419023 Time: 0:38
[VALID] Epoch: 510 Loss: 0.07289019434782254 Time: 0:7
[TRAIN] Epoch: 511 Loss: 0.0718338529294881 Time: 0:39
[VALID] Epoch: 511 Loss: 0.07319596071563945 Time: 0:7
[TRAIN] Epoch: 512 Loss: 0.07287503548416882 Time: 0:38
[VALID] Epoch: 512 Loss: 0.07387361241595085 Time: 0:7
[TRAIN] Epoch: 513 Loss: 0.07230558579276901 Time: 0:40
[VALID] Epoch: 513 Loss: 0.07165858571391968 Time: 0:7
[TRAIN] Epoch: 514 Loss: 0.07170754193772143 Time: 0:39
[VALID] Epoch: 514 Loss: 0.07321419149034074 Time: 0:7
[TRAIN] Epoch: 515 Loss: 0.07256963547296011 Time: 0:38
[VALID] Epoch: 515 Loss: 0.07251579921036112 Time: 0:7
[TRAIN] Epoch: 516 Loss: 0.07239258767332094 Time: 0:39
[VALID] Epoch: 516 Loss: 0.07192099851181524 Time: 0:7
[TRAIN] Epoch: 517 Loss: 0.07188675849469306 Time: 0:38
[VALID] Epoch: 517 Loss: 0.07373220871141752 Time: 0:7
[TRAIN] Epoch: 518 Loss: 0.07216434220510969 Time: 0:38
[VALID] Epoch: 518 Loss: 0.07003000585399023 Time: 0:7
[TRAIN] Epoch: 519 Loss: 0.0725084126649869 Time: 0:39
[VALID] Epoch: 519 Loss: 0.07108705424909308 Time: 0:7
[TRAIN] Epoch: 520 Loss: 0.07178132101315145 Time: 0:39
[VALID] Epoch: 520 Loss: 0.0748903372465774 Time: 0:7
[TRAIN] Epoch: 521 Loss: 0.07183772909395764 Time: 0:37
[VALID] Epoch: 521 Loss: 0.07200240577546158 Time: 0:7
[TRAIN] Epoch: 522 Loss: 0.0719231847606382 Time: 0:37
[VALID] Epoch: 522 Loss: 0.07406958944204949 Time: 0:7
[TRAIN] Epoch: 523 Loss: 0.0717049847764454 Time: 0:39
[VALID] Epoch: 523 Loss: 0.07288727281391429 Time: 0:7
[TRAIN] Epoch: 524 Loss: 0.07161829454747194 Time: 0:39
[VALID] Epoch: 524 Loss: 0.07188000214575044 Time: 0:7
[TRAIN] Epoch: 525 Loss: 0.07138931397549032 Time: 0:39
[VALID] Epoch: 525 Loss: 0.07222430394573151 Time: 0:7
[TRAIN] Epoch: 526 Loss: 0.0717974317140157 Time: 0:40
[VALID] Epoch: 526 Loss: 0.0720577575375343 Time: 0:7
[TRAIN] Epoch: 527 Loss: 0.07228113822703432 Time: 0:39
[VALID] Epoch: 527 Loss: 0.0712795620296766 Time: 0:7
[TRAIN] Epoch: 528 Loss: 0.0717718935430494 Time: 0:37
[VALID] Epoch: 528 Loss: 0.07263426255732489 Time: 0:7
[TRAIN] Epoch: 529 Loss: 0.07205116364478212 Time: 0:39
[VALID] Epoch: 529 Loss: 0.07128840864221327 Time: 0:7
[TRAIN] Epoch: 530 Loss: 0.07210517625568967 Time: 0:37
[VALID] Epoch: 530 Loss: 0.07370531966912842 Time: 0:7
[TRAIN] Epoch: 531 Loss: 0.07126664574207668 Time: 0:37
[VALID] Epoch: 531 Loss: 0.07179651166628867 Time: 0:7
[TRAIN] Epoch: 532 Loss: 0.07274157162106533 Time: 0:40
[VALID] Epoch: 532 Loss: 0.07331713942173833 Time: 0:6
[TRAIN] Epoch: 533 Loss: 0.07171437286578225 Time: 0:37
[VALID] Epoch: 533 Loss: 0.07158597132571573 Time: 0:6
[TRAIN] Epoch: 534 Loss: 0.0718591265596925 Time: 0:38
[VALID] Epoch: 534 Loss: 0.07206703006692121 Time: 0:6
[TRAIN] Epoch: 535 Loss: 0.07158779045874518 Time: 0:39
[VALID] Epoch: 535 Loss: 0.0727327748147206 Time: 0:6
[TRAIN] Epoch: 536 Loss: 0.07223853840120335 Time: 0:39
[VALID] Epoch: 536 Loss: 0.0722360366742179 Time: 0:7
[TRAIN] Epoch: 537 Loss: 0.07182639864872732 Time: 0:40
[VALID] Epoch: 537 Loss: 0.07173876731327773 Time: 0:7
[TRAIN] Epoch: 538 Loss: 0.07179801006178606 Time: 0:39
[VALID] Epoch: 538 Loss: 0.07154760834096686 Time: 0:7
[TRAIN] Epoch: 539 Loss: 0.07197289819790324 Time: 0:39
[VALID] Epoch: 539 Loss: 0.07369831501978903 Time: 0:7
[TRAIN] Epoch: 540 Loss: 0.07220614264925164 Time: 0:39
[VALID] Epoch: 540 Loss: 0.07394947877815726 Time: 0:7
[TRAIN] Epoch: 541 Loss: 0.0711598616834387 Time: 0:40
[VALID] Epoch: 541 Loss: 0.07168376784963244 Time: 0:7
[TRAIN] Epoch: 542 Loss: 0.07170372948676106 Time: 0:39
[VALID] Epoch: 542 Loss: 0.07245599474076347 Time: 0:7
[TRAIN] Epoch: 543 Loss: 0.07215120619582517 Time: 0:39
[VALID] Epoch: 543 Loss: 0.0718909146866437 Time: 0:7
[TRAIN] Epoch: 544 Loss: 0.07179312948694999 Time: 0:39
[VALID] Epoch: 544 Loss: 0.07283893231549805 Time: 0:7
[TRAIN] Epoch: 545 Loss: 0.07277325441187625 Time: 0:39
[VALID] Epoch: 545 Loss: 0.07288344007960558 Time: 0:7
[TRAIN] Epoch: 546 Loss: 0.07250422511141892 Time: 0:38
[VALID] Epoch: 546 Loss: 0.07254042667540025 Time: 0:7
[TRAIN] Epoch: 547 Loss: 0.07226258978899057 Time: 0:38
[VALID] Epoch: 547 Loss: 0.071324040702298 Time: 0:7
[TRAIN] Epoch: 548 Loss: 0.07211143139219946 Time: 0:38
[VALID] Epoch: 548 Loss: 0.06999660898833593 Time: 0:7
[TRAIN] Epoch: 549 Loss: 0.07244016708674543 Time: 0:37
[VALID] Epoch: 549 Loss: 0.07117658946264747 Time: 0:7
[TRAIN] Epoch: 550 Loss: 0.07133433328541174 Time: 0:37
[VALID] Epoch: 550 Loss: 0.07298254339618566 Time: 0:7
[TRAIN] Epoch: 551 Loss: 0.0714565589800807 Time: 0:38
[VALID] Epoch: 551 Loss: 0.07077765711977055 Time: 0:7
[TRAIN] Epoch: 552 Loss: 0.07172508644151462 Time: 0:39
[VALID] Epoch: 552 Loss: 0.0730373719990162 Time: 0:7
[TRAIN] Epoch: 553 Loss: 0.07192821868394737 Time: 0:39
[VALID] Epoch: 553 Loss: 0.07131634706115607 Time: 0:7
[TRAIN] Epoch: 554 Loss: 0.07156341948510216 Time: 0:39
[VALID] Epoch: 554 Loss: 0.07062030019144948 Time: 0:7
[TRAIN] Epoch: 555 Loss: 0.07238179247645746 Time: 0:39
[VALID] Epoch: 555 Loss: 0.07229327626502256 Time: 0:7
[TRAIN] Epoch: 556 Loss: 0.07185636768891684 Time: 0:38
[VALID] Epoch: 556 Loss: 0.072330832059268 Time: 0:7
[TRAIN] Epoch: 557 Loss: 0.07144816685434546 Time: 0:40
[VALID] Epoch: 557 Loss: 0.07306863918272792 Time: 0:7
[TRAIN] Epoch: 558 Loss: 0.0723079742387265 Time: 0:40
[VALID] Epoch: 558 Loss: 0.07270705743661211 Time: 0:7
[TRAIN] Epoch: 559 Loss: 0.07227950519498612 Time: 0:39
[VALID] Epoch: 559 Loss: 0.06997336750587939 Time: 0:7
[TRAIN] Epoch: 560 Loss: 0.07218148083934117 Time: 0:38
[VALID] Epoch: 560 Loss: 0.07311182245705924 Time: 0:7
[TRAIN] Epoch: 561 Loss: 0.07125719895545006 Time: 0:38
[VALID] Epoch: 561 Loss: 0.07299840506016048 Time: 0:7
[TRAIN] Epoch: 562 Loss: 0.07219538869639225 Time: 0:40
[VALID] Epoch: 562 Loss: 0.07220530699037615 Time: 0:7
[TRAIN] Epoch: 563 Loss: 0.07162729858456225 Time: 0:39
[VALID] Epoch: 563 Loss: 0.07315636788612932 Time: 0:6
[TRAIN] Epoch: 564 Loss: 0.07160683020975189 Time: 0:39
[VALID] Epoch: 564 Loss: 0.07333712782319982 Time: 0:7
[TRAIN] Epoch: 565 Loss: 0.07260384441433745 Time: 0:37
[VALID] Epoch: 565 Loss: 0.07300478671290696 Time: 0:7
[TRAIN] Epoch: 566 Loss: 0.07118795728417983 Time: 0:39
[VALID] Epoch: 566 Loss: 0.07101283004058434 Time: 0:7
[TRAIN] Epoch: 567 Loss: 0.07182209932745343 Time: 0:39
[VALID] Epoch: 567 Loss: 0.07272904182389402 Time: 0:7
[TRAIN] Epoch: 568 Loss: 0.07199233785404174 Time: 0:37
[VALID] Epoch: 568 Loss: 0.07223247238013833 Time: 0:7
[TRAIN] Epoch: 569 Loss: 0.07142940142655824 Time: 0:39
[VALID] Epoch: 569 Loss: 0.0728785439299423 Time: 0:7
[TRAIN] Epoch: 570 Loss: 0.07238967618328006 Time: 0:38
[VALID] Epoch: 570 Loss: 0.07281451516933984 Time: 0:7
[TRAIN] Epoch: 571 Loss: 0.07205820657858467 Time: 0:38
[VALID] Epoch: 571 Loss: 0.07065485550053908 Time: 0:7
[TRAIN] Epoch: 572 Loss: 0.07168636647486008 Time: 0:39
[VALID] Epoch: 572 Loss: 0.07072115399551611 Time: 0:7
[TRAIN] Epoch: 573 Loss: 0.07175852315458864 Time: 0:38
[VALID] Epoch: 573 Loss: 0.07359283054895126 Time: 0:7
[TRAIN] Epoch: 574 Loss: 0.07214371996217153 Time: 0:37
[VALID] Epoch: 574 Loss: 0.07340748032587924 Time: 0:7
[TRAIN] Epoch: 575 Loss: 0.07180561696778452 Time: 0:39
[VALID] Epoch: 575 Loss: 0.0725438654315604 Time: 0:7
[TRAIN] Epoch: 576 Loss: 0.07213209075123192 Time: 0:39
[VALID] Epoch: 576 Loss: 0.0733087148522587 Time: 0:7
[TRAIN] Epoch: 577 Loss: 0.07201895398653592 Time: 0:39
[VALID] Epoch: 577 Loss: 0.0715605403624549 Time: 0:7
[TRAIN] Epoch: 578 Loss: 0.0719155315647649 Time: 0:40
[VALID] Epoch: 578 Loss: 0.0735684822753549 Time: 0:7
[TRAIN] Epoch: 579 Loss: 0.07182959138487312 Time: 0:37
[VALID] Epoch: 579 Loss: 0.07250098936355434 Time: 0:7
[TRAIN] Epoch: 580 Loss: 0.07176942341904824 Time: 0:38
[VALID] Epoch: 580 Loss: 0.0716822571774583 Time: 0:7
[TRAIN] Epoch: 581 Loss: 0.07197379841438113 Time: 0:37
[VALID] Epoch: 581 Loss: 0.07147370718740889 Time: 0:7
[TRAIN] Epoch: 582 Loss: 0.07192676648539291 Time: 0:40
[VALID] Epoch: 582 Loss: 0.07360931288370999 Time: 0:7
[TRAIN] Epoch: 583 Loss: 0.071896594074461 Time: 0:38
[VALID] Epoch: 583 Loss: 0.0721318498465822 Time: 0:7
[TRAIN] Epoch: 584 Loss: 0.07168550660439764 Time: 0:39
[VALID] Epoch: 584 Loss: 0.07089398333321846 Time: 0:7
[TRAIN] Epoch: 585 Loss: 0.07214105479468101 Time: 0:40
[VALID] Epoch: 585 Loss: 0.07183312888719774 Time: 0:7
[TRAIN] Epoch: 586 Loss: 0.07151409404947265 Time: 0:40
[VALID] Epoch: 586 Loss: 0.07083999304312642 Time: 0:7
[TRAIN] Epoch: 587 Loss: 0.07170575115150875 Time: 0:37
[VALID] Epoch: 587 Loss: 0.07289706457002375 Time: 0:6
[TRAIN] Epoch: 588 Loss: 0.07195239397224788 Time: 0:39
[VALID] Epoch: 588 Loss: 0.07093985086276344 Time: 0:7
[TRAIN] Epoch: 589 Loss: 0.07202623134350213 Time: 0:40
[VALID] Epoch: 589 Loss: 0.07162416650491428 Time: 0:7
[TRAIN] Epoch: 590 Loss: 0.07209022366673314 Time: 0:37
[VALID] Epoch: 590 Loss: 0.07264419194114717 Time: 0:7
[TRAIN] Epoch: 591 Loss: 0.0721628396754291 Time: 0:39
[VALID] Epoch: 591 Loss: 0.07178357642225153 Time: 0:7
[TRAIN] Epoch: 592 Loss: 0.07173223970551605 Time: 0:39
[VALID] Epoch: 592 Loss: 0.0715641638247958 Time: 0:7
[TRAIN] Epoch: 593 Loss: 0.07162709298474713 Time: 0:39
[VALID] Epoch: 593 Loss: 0.07204518590902476 Time: 0:7
[TRAIN] Epoch: 594 Loss: 0.07162634756534365 Time: 0:38
[VALID] Epoch: 594 Loss: 0.07289498335298117 Time: 0:7
[TRAIN] Epoch: 595 Loss: 0.07201572405953222 Time: 0:40
[VALID] Epoch: 595 Loss: 0.07104511162644048 Time: 0:7
[TRAIN] Epoch: 596 Loss: 0.0716956930628108 Time: 0:38
[VALID] Epoch: 596 Loss: 0.07157085976851019 Time: 0:7
[TRAIN] Epoch: 597 Loss: 0.07173176631770521 Time: 0:39
[VALID] Epoch: 597 Loss: 0.07206733407996761 Time: 0:7
[TRAIN] Epoch: 598 Loss: 0.07155752054380979 Time: 0:39
[VALID] Epoch: 598 Loss: 0.07312767454650228 Time: 0:7
[TRAIN] Epoch: 599 Loss: 0.07199052055263346 Time: 0:39
[VALID] Epoch: 599 Loss: 0.07128599238643478 Time: 0:7
[TRAIN] Epoch: 600 Loss: 0.07184988898531441 Time: 0:38
[VALID] Epoch: 600 Loss: 0.07288086777316059 Time: 0:7
Finish training !
